十一月 15, 2017 10:00:30 上午 org.apache.catalina.core.AprLifecycleListener init
信息: Loaded APR based Apache Tomcat Native library 1.1.29 using APR version 1.4.8.
十一月 15, 2017 10:00:30 上午 org.apache.catalina.core.AprLifecycleListener init
信息: APR capabilities: IPv6 [true], sendfile [true], accept filters [false], random [true].
十一月 15, 2017 10:00:31 上午 org.apache.catalina.core.AprLifecycleListener initializeSSL
信息: OpenSSL successfully initialized (OpenSSL 1.0.1e 11 Feb 2013)
十一月 15, 2017 10:00:32 上午 org.apache.coyote.AbstractProtocol init
信息: Initializing ProtocolHandler ["http-apr-8080"]
十一月 15, 2017 10:00:32 上午 org.apache.coyote.AbstractProtocol init
信息: Initializing ProtocolHandler ["ajp-apr-8009"]
十一月 15, 2017 10:00:32 上午 org.apache.catalina.startup.Catalina load
信息: Initialization processed in 3199 ms
十一月 15, 2017 10:00:32 上午 org.apache.catalina.core.StandardService startInternal
信息: Starting service Catalina
十一月 15, 2017 10:00:32 上午 org.apache.catalina.core.StandardEngine startInternal
信息: Starting Servlet Engine: Apache Tomcat/7.0.47
十一月 15, 2017 10:00:32 上午 org.apache.catalina.startup.HostConfig deployDirectory
信息: Deploying web application directory E:\apache-tomcat-7.0.82\webapps\docs
十一月 15, 2017 10:00:33 上午 org.apache.catalina.util.SessionIdGenerator createSecureRandom
信息: Creation of SecureRandom instance for session ID generation using [SHA1PRNG] took [248] milliseconds.
十一月 15, 2017 10:00:33 上午 org.apache.catalina.startup.HostConfig deployDirectory
信息: Deploying web application directory E:\apache-tomcat-7.0.82\webapps\examples
十一月 15, 2017 10:00:34 上午 org.apache.catalina.startup.TaglibUriRule body
信息: TLD skipped. URI: http://java.sun.com/jstl/core_rt is already defined
十一月 15, 2017 10:00:34 上午 org.apache.catalina.startup.TaglibUriRule body
信息: TLD skipped. URI: http://java.sun.com/jsp/jstl/core is already defined
十一月 15, 2017 10:00:34 上午 org.apache.catalina.startup.TaglibUriRule body
信息: TLD skipped. URI: http://java.sun.com/jstl/fmt_rt is already defined
十一月 15, 2017 10:00:34 上午 org.apache.catalina.startup.TaglibUriRule body
信息: TLD skipped. URI: http://java.sun.com/jsp/jstl/fmt is already defined
十一月 15, 2017 10:00:34 上午 org.apache.catalina.startup.TaglibUriRule body
信息: TLD skipped. URI: http://java.sun.com/jsp/jstl/functions is already defined
十一月 15, 2017 10:00:34 上午 org.apache.catalina.startup.TaglibUriRule body
信息: TLD skipped. URI: http://jakarta.apache.org/taglibs/standard/permittedTaglibs is already defined
十一月 15, 2017 10:00:34 上午 org.apache.catalina.startup.TaglibUriRule body
信息: TLD skipped. URI: http://jakarta.apache.org/taglibs/standard/scriptfree is already defined
十一月 15, 2017 10:00:34 上午 org.apache.catalina.startup.TaglibUriRule body
信息: TLD skipped. URI: http://java.sun.com/jstl/sql_rt is already defined
十一月 15, 2017 10:00:34 上午 org.apache.catalina.startup.TaglibUriRule body
信息: TLD skipped. URI: http://java.sun.com/jsp/jstl/sql is already defined
十一月 15, 2017 10:00:34 上午 org.apache.catalina.startup.TaglibUriRule body
信息: TLD skipped. URI: http://java.sun.com/jstl/xml_rt is already defined
十一月 15, 2017 10:00:34 上午 org.apache.catalina.startup.TaglibUriRule body
信息: TLD skipped. URI: http://java.sun.com/jsp/jstl/xml is already defined
十一月 15, 2017 10:00:34 上午 org.apache.catalina.startup.HostConfig deployDirectory
信息: Deploying web application directory E:\apache-tomcat-7.0.82\webapps\host-manager
十一月 15, 2017 10:00:34 上午 org.apache.catalina.startup.HostConfig deployDirectory
信息: Deploying web application directory E:\apache-tomcat-7.0.82\webapps\manager
十一月 15, 2017 10:00:34 上午 org.apache.catalina.startup.HostConfig deployDirectory
信息: Deploying web application directory E:\apache-tomcat-7.0.82\webapps\ROOT
十一月 15, 2017 10:00:34 上午 org.apache.coyote.AbstractProtocol start
信息: Starting ProtocolHandler ["http-apr-8080"]
十一月 15, 2017 10:00:34 上午 org.apache.coyote.AbstractProtocol start
信息: Starting ProtocolHandler ["ajp-apr-8009"]
十一月 15, 2017 10:00:34 上午 org.apache.catalina.startup.Catalina start
信息: Server startup in 1959 ms
十一月 15, 2017 10:08:49 上午 org.apache.coyote.AbstractProtocol pause
信息: Pausing ProtocolHandler ["http-apr-8080"]
十一月 15, 2017 10:08:50 上午 org.apache.coyote.AbstractProtocol pause
信息: Pausing ProtocolHandler ["ajp-apr-8009"]
十一月 15, 2017 10:08:50 上午 org.apache.catalina.core.StandardService stopInternal
信息: Stopping service Catalina
十一月 15, 2017 10:08:50 上午 org.apache.coyote.AbstractProtocol stop
信息: Stopping ProtocolHandler ["http-apr-8080"]
十一月 15, 2017 10:08:50 上午 org.apache.coyote.AbstractProtocol stop
信息: Stopping ProtocolHandler ["ajp-apr-8009"]
十一月 15, 2017 10:08:50 上午 org.apache.coyote.AbstractProtocol destroy
信息: Destroying ProtocolHandler ["http-apr-8080"]
十一月 15, 2017 10:08:50 上午 org.apache.coyote.AbstractProtocol destroy
信息: Destroying ProtocolHandler ["ajp-apr-8009"]
