十二月 05, 2017 11:27:52 上午 org.apache.catalina.core.AprLifecycleListener init
信息: Loaded APR based Apache Tomcat Native library 1.1.29 using APR version 1.4.8.
十二月 05, 2017 11:27:52 上午 org.apache.catalina.core.AprLifecycleListener init
信息: APR capabilities: IPv6 [true], sendfile [true], accept filters [false], random [true].
十二月 05, 2017 11:27:53 上午 org.apache.catalina.core.AprLifecycleListener initializeSSL
信息: OpenSSL successfully initialized (OpenSSL 1.0.1e 11 Feb 2013)
十二月 05, 2017 11:27:54 上午 org.apache.coyote.AbstractProtocol init
信息: Initializing ProtocolHandler ["http-apr-8080"]
十二月 05, 2017 11:27:54 上午 org.apache.coyote.AbstractProtocol init
信息: Initializing ProtocolHandler ["ajp-apr-8009"]
十二月 05, 2017 11:27:54 上午 org.apache.catalina.startup.Catalina load
信息: Initialization processed in 3165 ms
十二月 05, 2017 11:27:54 上午 org.apache.catalina.core.StandardService startInternal
信息: Starting service Catalina
十二月 05, 2017 11:27:54 上午 org.apache.catalina.core.StandardEngine startInternal
信息: Starting Servlet Engine: Apache Tomcat/7.0.47
十二月 05, 2017 11:27:54 上午 org.apache.catalina.startup.HostConfig deployDirectory
信息: Deploying web application directory E:\apache-tomcat-7.0.82\webapps\docs
十二月 05, 2017 11:27:56 上午 org.apache.catalina.util.SessionIdGenerator createSecureRandom
信息: Creation of SecureRandom instance for session ID generation using [SHA1PRNG] took [332] milliseconds.
十二月 05, 2017 11:27:56 上午 org.apache.catalina.startup.HostConfig deployDirectory
信息: Deploying web application directory E:\apache-tomcat-7.0.82\webapps\examples
十二月 05, 2017 11:27:57 上午 org.apache.catalina.startup.TaglibUriRule body
信息: TLD skipped. URI: http://java.sun.com/jstl/core_rt is already defined
十二月 05, 2017 11:27:57 上午 org.apache.catalina.startup.TaglibUriRule body
信息: TLD skipped. URI: http://java.sun.com/jsp/jstl/core is already defined
十二月 05, 2017 11:27:57 上午 org.apache.catalina.startup.TaglibUriRule body
信息: TLD skipped. URI: http://java.sun.com/jstl/fmt_rt is already defined
十二月 05, 2017 11:27:57 上午 org.apache.catalina.startup.TaglibUriRule body
信息: TLD skipped. URI: http://java.sun.com/jsp/jstl/fmt is already defined
十二月 05, 2017 11:27:57 上午 org.apache.catalina.startup.TaglibUriRule body
信息: TLD skipped. URI: http://java.sun.com/jsp/jstl/functions is already defined
十二月 05, 2017 11:27:57 上午 org.apache.catalina.startup.TaglibUriRule body
信息: TLD skipped. URI: http://jakarta.apache.org/taglibs/standard/permittedTaglibs is already defined
十二月 05, 2017 11:27:57 上午 org.apache.catalina.startup.TaglibUriRule body
信息: TLD skipped. URI: http://jakarta.apache.org/taglibs/standard/scriptfree is already defined
十二月 05, 2017 11:27:57 上午 org.apache.catalina.startup.TaglibUriRule body
信息: TLD skipped. URI: http://java.sun.com/jstl/sql_rt is already defined
十二月 05, 2017 11:27:57 上午 org.apache.catalina.startup.TaglibUriRule body
信息: TLD skipped. URI: http://java.sun.com/jsp/jstl/sql is already defined
十二月 05, 2017 11:27:57 上午 org.apache.catalina.startup.TaglibUriRule body
信息: TLD skipped. URI: http://java.sun.com/jstl/xml_rt is already defined
十二月 05, 2017 11:27:57 上午 org.apache.catalina.startup.TaglibUriRule body
信息: TLD skipped. URI: http://java.sun.com/jsp/jstl/xml is already defined
十二月 05, 2017 11:27:57 上午 org.apache.catalina.startup.HostConfig deployDirectory
信息: Deploying web application directory E:\apache-tomcat-7.0.82\webapps\host-manager
十二月 05, 2017 11:27:57 上午 org.apache.catalina.startup.HostConfig deployDirectory
信息: Deploying web application directory E:\apache-tomcat-7.0.82\webapps\manager
十二月 05, 2017 11:27:57 上午 org.apache.catalina.startup.HostConfig deployDirectory
信息: Deploying web application directory E:\apache-tomcat-7.0.82\webapps\ROOT
十二月 05, 2017 11:27:57 上午 org.apache.coyote.AbstractProtocol start
信息: Starting ProtocolHandler ["http-apr-8080"]
十二月 05, 2017 11:27:57 上午 org.apache.coyote.AbstractProtocol start
信息: Starting ProtocolHandler ["ajp-apr-8009"]
十二月 05, 2017 11:27:57 上午 org.apache.catalina.startup.Catalina start
信息: Server startup in 2874 ms
十二月 05, 2017 11:56:28 上午 org.apache.catalina.core.AprLifecycleListener init
信息: Loaded APR based Apache Tomcat Native library 1.1.29 using APR version 1.4.8.
十二月 05, 2017 11:56:28 上午 org.apache.catalina.core.AprLifecycleListener init
信息: APR capabilities: IPv6 [true], sendfile [true], accept filters [false], random [true].
十二月 05, 2017 11:56:28 上午 org.apache.catalina.core.AprLifecycleListener initializeSSL
信息: OpenSSL successfully initialized (OpenSSL 1.0.1e 11 Feb 2013)
十二月 05, 2017 11:56:28 上午 org.apache.coyote.AbstractProtocol init
信息: Initializing ProtocolHandler ["http-apr-8080"]
十二月 05, 2017 11:56:28 上午 org.apache.coyote.AbstractProtocol init
信息: Initializing ProtocolHandler ["ajp-apr-8009"]
十二月 05, 2017 11:56:28 上午 org.apache.catalina.startup.Catalina load
信息: Initialization processed in 737 ms
十二月 05, 2017 11:56:28 上午 org.apache.catalina.core.StandardService startInternal
信息: Starting service Catalina
十二月 05, 2017 11:56:28 上午 org.apache.catalina.core.StandardEngine startInternal
信息: Starting Servlet Engine: Apache Tomcat/7.0.47
十二月 05, 2017 11:56:28 上午 org.apache.catalina.startup.HostConfig deployDirectory
信息: Deploying web application directory E:\apache-tomcat-7.0.82\webapps\docs
十二月 05, 2017 11:56:29 上午 org.apache.catalina.startup.HostConfig deployDirectory
信息: Deploying web application directory E:\apache-tomcat-7.0.82\webapps\examples
十二月 05, 2017 11:56:29 上午 org.apache.catalina.startup.TaglibUriRule body
信息: TLD skipped. URI: http://java.sun.com/jstl/core_rt is already defined
十二月 05, 2017 11:56:29 上午 org.apache.catalina.startup.TaglibUriRule body
信息: TLD skipped. URI: http://java.sun.com/jsp/jstl/core is already defined
十二月 05, 2017 11:56:29 上午 org.apache.catalina.startup.TaglibUriRule body
信息: TLD skipped. URI: http://java.sun.com/jstl/fmt_rt is already defined
十二月 05, 2017 11:56:29 上午 org.apache.catalina.startup.TaglibUriRule body
信息: TLD skipped. URI: http://java.sun.com/jsp/jstl/fmt is already defined
十二月 05, 2017 11:56:29 上午 org.apache.catalina.startup.TaglibUriRule body
信息: TLD skipped. URI: http://java.sun.com/jsp/jstl/functions is already defined
十二月 05, 2017 11:56:29 上午 org.apache.catalina.startup.TaglibUriRule body
信息: TLD skipped. URI: http://jakarta.apache.org/taglibs/standard/permittedTaglibs is already defined
十二月 05, 2017 11:56:29 上午 org.apache.catalina.startup.TaglibUriRule body
信息: TLD skipped. URI: http://jakarta.apache.org/taglibs/standard/scriptfree is already defined
十二月 05, 2017 11:56:29 上午 org.apache.catalina.startup.TaglibUriRule body
信息: TLD skipped. URI: http://java.sun.com/jstl/sql_rt is already defined
十二月 05, 2017 11:56:29 上午 org.apache.catalina.startup.TaglibUriRule body
信息: TLD skipped. URI: http://java.sun.com/jsp/jstl/sql is already defined
十二月 05, 2017 11:56:29 上午 org.apache.catalina.startup.TaglibUriRule body
信息: TLD skipped. URI: http://java.sun.com/jstl/xml_rt is already defined
十二月 05, 2017 11:56:29 上午 org.apache.catalina.startup.TaglibUriRule body
信息: TLD skipped. URI: http://java.sun.com/jsp/jstl/xml is already defined
十二月 05, 2017 11:56:29 上午 org.apache.catalina.startup.HostConfig deployDirectory
信息: Deploying web application directory E:\apache-tomcat-7.0.82\webapps\host-manager
十二月 05, 2017 11:56:29 上午 org.apache.catalina.startup.HostConfig deployDirectory
信息: Deploying web application directory E:\apache-tomcat-7.0.82\webapps\manager
十二月 05, 2017 11:56:29 上午 org.apache.catalina.startup.HostConfig deployDirectory
信息: Deploying web application directory E:\apache-tomcat-7.0.82\webapps\ROOT
十二月 05, 2017 11:56:29 上午 org.apache.catalina.startup.HostConfig deployDirectory
信息: Deploying web application directory E:\apache-tomcat-7.0.82\webapps\work
十二月 05, 2017 11:56:29 上午 org.apache.coyote.AbstractProtocol start
信息: Starting ProtocolHandler ["http-apr-8080"]
十二月 05, 2017 11:56:29 上午 org.apache.coyote.AbstractProtocol start
信息: Starting ProtocolHandler ["ajp-apr-8009"]
十二月 05, 2017 11:56:29 上午 org.apache.catalina.startup.Catalina start
信息: Server startup in 921 ms
十二月 05, 2017 11:59:20 上午 org.apache.catalina.core.AprLifecycleListener init
信息: Loaded APR based Apache Tomcat Native library 1.1.29 using APR version 1.4.8.
十二月 05, 2017 11:59:21 上午 org.apache.catalina.core.AprLifecycleListener init
信息: APR capabilities: IPv6 [true], sendfile [true], accept filters [false], random [true].
十二月 05, 2017 11:59:21 上午 org.apache.catalina.core.AprLifecycleListener initializeSSL
信息: OpenSSL successfully initialized (OpenSSL 1.0.1e 11 Feb 2013)
十二月 05, 2017 11:59:21 上午 org.apache.coyote.AbstractProtocol init
信息: Initializing ProtocolHandler ["http-apr-8080"]
十二月 05, 2017 12:02:36 下午 org.apache.catalina.core.AprLifecycleListener init
信息: Loaded APR based Apache Tomcat Native library 1.1.29 using APR version 1.4.8.
十二月 05, 2017 12:02:36 下午 org.apache.catalina.core.AprLifecycleListener init
信息: APR capabilities: IPv6 [true], sendfile [true], accept filters [false], random [true].
十二月 05, 2017 12:02:36 下午 org.apache.catalina.core.AprLifecycleListener initializeSSL
信息: OpenSSL successfully initialized (OpenSSL 1.0.1e 11 Feb 2013)
十二月 05, 2017 12:02:36 下午 org.apache.coyote.AbstractProtocol init
信息: Initializing ProtocolHandler ["http-apr-8080"]
十二月 05, 2017 12:02:36 下午 org.apache.coyote.AbstractProtocol init
信息: Initializing ProtocolHandler ["ajp-apr-8009"]
十二月 05, 2017 12:02:36 下午 org.apache.catalina.startup.Catalina load
信息: Initialization processed in 691 ms
十二月 05, 2017 12:02:36 下午 org.apache.catalina.core.StandardService startInternal
信息: Starting service Catalina
十二月 05, 2017 12:02:36 下午 org.apache.catalina.core.StandardEngine startInternal
信息: Starting Servlet Engine: Apache Tomcat/7.0.47
十二月 05, 2017 12:02:36 下午 org.apache.catalina.startup.HostConfig deployDirectory
信息: Deploying web application directory E:\apache-tomcat-7.0.82\webapps\docs
十二月 05, 2017 12:02:37 下午 org.apache.catalina.startup.HostConfig deployDirectory
信息: Deploying web application directory E:\apache-tomcat-7.0.82\webapps\examples
十二月 05, 2017 12:02:37 下午 org.apache.catalina.startup.TaglibUriRule body
信息: TLD skipped. URI: http://java.sun.com/jstl/core_rt is already defined
十二月 05, 2017 12:02:37 下午 org.apache.catalina.startup.TaglibUriRule body
信息: TLD skipped. URI: http://java.sun.com/jsp/jstl/core is already defined
十二月 05, 2017 12:02:37 下午 org.apache.catalina.startup.TaglibUriRule body
信息: TLD skipped. URI: http://java.sun.com/jstl/fmt_rt is already defined
十二月 05, 2017 12:02:37 下午 org.apache.catalina.startup.TaglibUriRule body
信息: TLD skipped. URI: http://java.sun.com/jsp/jstl/fmt is already defined
十二月 05, 2017 12:02:37 下午 org.apache.catalina.startup.TaglibUriRule body
信息: TLD skipped. URI: http://java.sun.com/jsp/jstl/functions is already defined
十二月 05, 2017 12:02:37 下午 org.apache.catalina.startup.TaglibUriRule body
信息: TLD skipped. URI: http://jakarta.apache.org/taglibs/standard/permittedTaglibs is already defined
十二月 05, 2017 12:02:37 下午 org.apache.catalina.startup.TaglibUriRule body
信息: TLD skipped. URI: http://jakarta.apache.org/taglibs/standard/scriptfree is already defined
十二月 05, 2017 12:02:37 下午 org.apache.catalina.startup.TaglibUriRule body
信息: TLD skipped. URI: http://java.sun.com/jstl/sql_rt is already defined
十二月 05, 2017 12:02:37 下午 org.apache.catalina.startup.TaglibUriRule body
信息: TLD skipped. URI: http://java.sun.com/jsp/jstl/sql is already defined
十二月 05, 2017 12:02:37 下午 org.apache.catalina.startup.TaglibUriRule body
信息: TLD skipped. URI: http://java.sun.com/jstl/xml_rt is already defined
十二月 05, 2017 12:02:37 下午 org.apache.catalina.startup.TaglibUriRule body
信息: TLD skipped. URI: http://java.sun.com/jsp/jstl/xml is already defined
十二月 05, 2017 12:02:37 下午 org.apache.catalina.startup.HostConfig deployDirectory
信息: Deploying web application directory E:\apache-tomcat-7.0.82\webapps\host-manager
十二月 05, 2017 12:02:37 下午 org.apache.catalina.startup.HostConfig deployDirectory
信息: Deploying web application directory E:\apache-tomcat-7.0.82\webapps\manager
十二月 05, 2017 12:02:37 下午 org.apache.catalina.startup.HostConfig deployDirectory
信息: Deploying web application directory E:\apache-tomcat-7.0.82\webapps\myapp
十二月 05, 2017 12:02:37 下午 org.apache.catalina.startup.HostConfig deployDirectory
信息: Deploying web application directory E:\apache-tomcat-7.0.82\webapps\ROOT
十二月 05, 2017 12:02:37 下午 org.apache.catalina.startup.HostConfig deployDirectory
信息: Deploying web application directory E:\apache-tomcat-7.0.82\webapps\work
十二月 05, 2017 12:02:37 下午 org.apache.coyote.AbstractProtocol start
信息: Starting ProtocolHandler ["http-apr-8080"]
十二月 05, 2017 12:02:37 下午 org.apache.coyote.AbstractProtocol start
信息: Starting ProtocolHandler ["ajp-apr-8009"]
十二月 05, 2017 12:02:37 下午 org.apache.catalina.startup.Catalina start
信息: Server startup in 789 ms
十二月 05, 2017 12:04:41 下午 org.apache.catalina.realm.LockOutRealm authenticate
警告: An attempt was made to authenticate the locked user ""
十二月 05, 2017 12:06:18 下午 org.apache.catalina.startup.HostConfig deleteRedeployResources
信息: Undeploying context [/manager]
十二月 05, 2017 12:07:02 下午 org.apache.catalina.core.AprLifecycleListener init
信息: Loaded APR based Apache Tomcat Native library 1.1.29 using APR version 1.4.8.
十二月 05, 2017 12:07:02 下午 org.apache.catalina.core.AprLifecycleListener init
信息: APR capabilities: IPv6 [true], sendfile [true], accept filters [false], random [true].
十二月 05, 2017 12:07:03 下午 org.apache.catalina.core.AprLifecycleListener initializeSSL
信息: OpenSSL successfully initialized (OpenSSL 1.0.1e 11 Feb 2013)
十二月 05, 2017 12:07:03 下午 org.apache.coyote.AbstractProtocol init
信息: Initializing ProtocolHandler ["http-apr-8080"]
十二月 05, 2017 12:07:03 下午 org.apache.coyote.AbstractProtocol init
信息: Initializing ProtocolHandler ["ajp-apr-8009"]
十二月 05, 2017 12:07:03 下午 org.apache.catalina.startup.Catalina load
信息: Initialization processed in 664 ms
十二月 05, 2017 12:07:03 下午 org.apache.catalina.core.StandardService startInternal
信息: Starting service Catalina
十二月 05, 2017 12:07:03 下午 org.apache.catalina.core.StandardEngine startInternal
信息: Starting Servlet Engine: Apache Tomcat/7.0.47
十二月 05, 2017 12:07:03 下午 org.apache.catalina.startup.HostConfig deployDirectory
信息: Deploying web application directory E:\apache-tomcat-7.0.82\webapps\docs
十二月 05, 2017 12:07:03 下午 org.apache.catalina.startup.HostConfig deployDirectory
信息: Deploying web application directory E:\apache-tomcat-7.0.82\webapps\examples
十二月 05, 2017 12:07:03 下午 org.apache.catalina.startup.TaglibUriRule body
信息: TLD skipped. URI: http://java.sun.com/jstl/core_rt is already defined
十二月 05, 2017 12:07:03 下午 org.apache.catalina.startup.TaglibUriRule body
信息: TLD skipped. URI: http://java.sun.com/jsp/jstl/core is already defined
十二月 05, 2017 12:07:03 下午 org.apache.catalina.startup.TaglibUriRule body
信息: TLD skipped. URI: http://java.sun.com/jstl/fmt_rt is already defined
十二月 05, 2017 12:07:03 下午 org.apache.catalina.startup.TaglibUriRule body
信息: TLD skipped. URI: http://java.sun.com/jsp/jstl/fmt is already defined
十二月 05, 2017 12:07:03 下午 org.apache.catalina.startup.TaglibUriRule body
信息: TLD skipped. URI: http://java.sun.com/jsp/jstl/functions is already defined
十二月 05, 2017 12:07:03 下午 org.apache.catalina.startup.TaglibUriRule body
信息: TLD skipped. URI: http://jakarta.apache.org/taglibs/standard/permittedTaglibs is already defined
十二月 05, 2017 12:07:03 下午 org.apache.catalina.startup.TaglibUriRule body
信息: TLD skipped. URI: http://jakarta.apache.org/taglibs/standard/scriptfree is already defined
十二月 05, 2017 12:07:03 下午 org.apache.catalina.startup.TaglibUriRule body
信息: TLD skipped. URI: http://java.sun.com/jstl/sql_rt is already defined
十二月 05, 2017 12:07:03 下午 org.apache.catalina.startup.TaglibUriRule body
信息: TLD skipped. URI: http://java.sun.com/jsp/jstl/sql is already defined
十二月 05, 2017 12:07:03 下午 org.apache.catalina.startup.TaglibUriRule body
信息: TLD skipped. URI: http://java.sun.com/jstl/xml_rt is already defined
十二月 05, 2017 12:07:03 下午 org.apache.catalina.startup.TaglibUriRule body
信息: TLD skipped. URI: http://java.sun.com/jsp/jstl/xml is already defined
十二月 05, 2017 12:07:03 下午 org.apache.catalina.startup.HostConfig deployDirectory
信息: Deploying web application directory E:\apache-tomcat-7.0.82\webapps\host-manager
十二月 05, 2017 12:07:03 下午 org.apache.catalina.startup.HostConfig deployDirectory
信息: Deploying web application directory E:\apache-tomcat-7.0.82\webapps\manager
十二月 05, 2017 12:07:03 下午 org.apache.catalina.startup.HostConfig deployDirectory
信息: Deploying web application directory E:\apache-tomcat-7.0.82\webapps\myapp
十二月 05, 2017 12:07:03 下午 org.apache.catalina.startup.HostConfig deployDirectory
信息: Deploying web application directory E:\apache-tomcat-7.0.82\webapps\ROOT
十二月 05, 2017 12:07:03 下午 org.apache.coyote.AbstractProtocol start
信息: Starting ProtocolHandler ["http-apr-8080"]
十二月 05, 2017 12:07:03 下午 org.apache.coyote.AbstractProtocol start
信息: Starting ProtocolHandler ["ajp-apr-8009"]
十二月 05, 2017 12:07:03 下午 org.apache.catalina.startup.Catalina start
信息: Server startup in 731 ms
十二月 05, 2017 12:07:53 下午 org.apache.catalina.startup.HostConfig checkResources
信息: Reloading context [/myapp]
十二月 05, 2017 12:07:53 下午 org.apache.catalina.core.StandardContext reload
信息: Reloading Context with name [/myapp] has started
十二月 05, 2017 12:07:54 下午 org.apache.catalina.core.StandardContext reload
信息: Reloading Context with name [/myapp] is completed
十二月 05, 2017 12:08:54 下午 org.apache.catalina.startup.HostConfig checkResources
信息: Reloading context [/myapp]
十二月 05, 2017 12:08:54 下午 org.apache.catalina.core.StandardContext reload
信息: Reloading Context with name [/myapp] has started
十二月 05, 2017 12:08:54 下午 org.apache.catalina.core.StandardContext reload
信息: Reloading Context with name [/myapp] is completed
十二月 05, 2017 12:10:10 下午 org.apache.catalina.core.AprLifecycleListener init
信息: Loaded APR based Apache Tomcat Native library 1.1.29 using APR version 1.4.8.
十二月 05, 2017 12:10:10 下午 org.apache.catalina.core.AprLifecycleListener init
信息: APR capabilities: IPv6 [true], sendfile [true], accept filters [false], random [true].
十二月 05, 2017 12:10:11 下午 org.apache.catalina.core.AprLifecycleListener initializeSSL
信息: OpenSSL successfully initialized (OpenSSL 1.0.1e 11 Feb 2013)
十二月 05, 2017 12:10:11 下午 org.apache.coyote.AbstractProtocol init
信息: Initializing ProtocolHandler ["http-apr-8080"]
十二月 05, 2017 12:10:11 下午 org.apache.coyote.AbstractProtocol init
信息: Initializing ProtocolHandler ["ajp-apr-8009"]
十二月 05, 2017 12:10:11 下午 org.apache.catalina.startup.Catalina load
信息: Initialization processed in 706 ms
十二月 05, 2017 12:10:11 下午 org.apache.catalina.core.StandardService startInternal
信息: Starting service Catalina
十二月 05, 2017 12:10:11 下午 org.apache.catalina.core.StandardEngine startInternal
信息: Starting Servlet Engine: Apache Tomcat/7.0.47
十二月 05, 2017 12:10:11 下午 org.apache.catalina.startup.HostConfig deployDirectory
信息: Deploying web application directory E:\apache-tomcat-7.0.82\webapps\docs
十二月 05, 2017 12:10:11 下午 org.apache.catalina.startup.HostConfig deployDirectory
信息: Deploying web application directory E:\apache-tomcat-7.0.82\webapps\examples
十二月 05, 2017 12:10:12 下午 org.apache.catalina.startup.TaglibUriRule body
信息: TLD skipped. URI: http://java.sun.com/jstl/core_rt is already defined
十二月 05, 2017 12:10:12 下午 org.apache.catalina.startup.TaglibUriRule body
信息: TLD skipped. URI: http://java.sun.com/jsp/jstl/core is already defined
十二月 05, 2017 12:10:12 下午 org.apache.catalina.startup.TaglibUriRule body
信息: TLD skipped. URI: http://java.sun.com/jstl/fmt_rt is already defined
十二月 05, 2017 12:10:12 下午 org.apache.catalina.startup.TaglibUriRule body
信息: TLD skipped. URI: http://java.sun.com/jsp/jstl/fmt is already defined
十二月 05, 2017 12:10:12 下午 org.apache.catalina.startup.TaglibUriRule body
信息: TLD skipped. URI: http://java.sun.com/jsp/jstl/functions is already defined
十二月 05, 2017 12:10:12 下午 org.apache.catalina.startup.TaglibUriRule body
信息: TLD skipped. URI: http://jakarta.apache.org/taglibs/standard/permittedTaglibs is already defined
十二月 05, 2017 12:10:12 下午 org.apache.catalina.startup.TaglibUriRule body
信息: TLD skipped. URI: http://jakarta.apache.org/taglibs/standard/scriptfree is already defined
十二月 05, 2017 12:10:12 下午 org.apache.catalina.startup.TaglibUriRule body
信息: TLD skipped. URI: http://java.sun.com/jstl/sql_rt is already defined
十二月 05, 2017 12:10:12 下午 org.apache.catalina.startup.TaglibUriRule body
信息: TLD skipped. URI: http://java.sun.com/jsp/jstl/sql is already defined
十二月 05, 2017 12:10:12 下午 org.apache.catalina.startup.TaglibUriRule body
信息: TLD skipped. URI: http://java.sun.com/jstl/xml_rt is already defined
十二月 05, 2017 12:10:12 下午 org.apache.catalina.startup.TaglibUriRule body
信息: TLD skipped. URI: http://java.sun.com/jsp/jstl/xml is already defined
十二月 05, 2017 12:10:12 下午 org.apache.catalina.startup.HostConfig deployDirectory
信息: Deploying web application directory E:\apache-tomcat-7.0.82\webapps\host-manager
十二月 05, 2017 12:10:12 下午 org.apache.catalina.startup.HostConfig deployDirectory
信息: Deploying web application directory E:\apache-tomcat-7.0.82\webapps\manager
十二月 05, 2017 12:10:12 下午 org.apache.catalina.startup.HostConfig deployDirectory
信息: Deploying web application directory E:\apache-tomcat-7.0.82\webapps\myapp
十二月 05, 2017 12:10:12 下午 org.apache.catalina.startup.HostConfig deployDirectory
信息: Deploying web application directory E:\apache-tomcat-7.0.82\webapps\ROOT
十二月 05, 2017 12:10:12 下午 org.apache.coyote.AbstractProtocol start
信息: Starting ProtocolHandler ["http-apr-8080"]
十二月 05, 2017 12:10:12 下午 org.apache.coyote.AbstractProtocol start
信息: Starting ProtocolHandler ["ajp-apr-8009"]
十二月 05, 2017 12:10:12 下午 org.apache.catalina.startup.Catalina start
信息: Server startup in 795 ms
十二月 05, 2017 12:14:20 下午 org.apache.catalina.core.AprLifecycleListener init
信息: Loaded APR based Apache Tomcat Native library 1.1.29 using APR version 1.4.8.
十二月 05, 2017 12:14:20 下午 org.apache.catalina.core.AprLifecycleListener init
信息: APR capabilities: IPv6 [true], sendfile [true], accept filters [false], random [true].
十二月 05, 2017 12:14:21 下午 org.apache.catalina.core.AprLifecycleListener initializeSSL
信息: OpenSSL successfully initialized (OpenSSL 1.0.1e 11 Feb 2013)
十二月 05, 2017 12:14:21 下午 org.apache.coyote.AbstractProtocol init
信息: Initializing ProtocolHandler ["http-apr-8080"]
十二月 05, 2017 12:14:21 下午 org.apache.coyote.AbstractProtocol init
严重: Failed to initialize end point associated with ProtocolHandler ["http-apr-8080"]
java.lang.Exception: Socket bind failed: [730048] ?????????×???(Э?é/???????/???)????í??
	at org.apache.tomcat.util.net.AprEndpoint.bind(AprEndpoint.java:430)
	at org.apache.tomcat.util.net.AbstractEndpoint.init(AbstractEndpoint.java:623)
	at org.apache.coyote.AbstractProtocol.init(AbstractProtocol.java:434)
	at org.apache.catalina.connector.Connector.initInternal(Connector.java:981)
	at org.apache.catalina.util.LifecycleBase.init(LifecycleBase.java:102)
	at org.apache.catalina.core.StandardService.initInternal(StandardService.java:559)
	at org.apache.catalina.util.LifecycleBase.init(LifecycleBase.java:102)
	at org.apache.catalina.core.StandardServer.initInternal(StandardServer.java:814)
	at org.apache.catalina.util.LifecycleBase.init(LifecycleBase.java:102)
	at org.apache.catalina.startup.Catalina.load(Catalina.java:640)
	at org.apache.catalina.startup.Catalina.load(Catalina.java:665)
	at sun.reflect.NativeMethodAccessorImpl.invoke0(Native Method)
	at sun.reflect.NativeMethodAccessorImpl.invoke(NativeMethodAccessorImpl.java:62)
	at sun.reflect.DelegatingMethodAccessorImpl.invoke(DelegatingMethodAccessorImpl.java:43)
	at java.lang.reflect.Method.invoke(Method.java:498)
	at org.apache.catalina.startup.Bootstrap.load(Bootstrap.java:281)
	at org.apache.catalina.startup.Bootstrap.main(Bootstrap.java:455)

十二月 05, 2017 12:14:21 下午 org.apache.catalina.core.StandardService initInternal
严重: Failed to initialize connector [Connector[HTTP/1.1-8080]]
org.apache.catalina.LifecycleException: Failed to initialize component [Connector[HTTP/1.1-8080]]
	at org.apache.catalina.util.LifecycleBase.init(LifecycleBase.java:106)
	at org.apache.catalina.core.StandardService.initInternal(StandardService.java:559)
	at org.apache.catalina.util.LifecycleBase.init(LifecycleBase.java:102)
	at org.apache.catalina.core.StandardServer.initInternal(StandardServer.java:814)
	at org.apache.catalina.util.LifecycleBase.init(LifecycleBase.java:102)
	at org.apache.catalina.startup.Catalina.load(Catalina.java:640)
	at org.apache.catalina.startup.Catalina.load(Catalina.java:665)
	at sun.reflect.NativeMethodAccessorImpl.invoke0(Native Method)
	at sun.reflect.NativeMethodAccessorImpl.invoke(NativeMethodAccessorImpl.java:62)
	at sun.reflect.DelegatingMethodAccessorImpl.invoke(DelegatingMethodAccessorImpl.java:43)
	at java.lang.reflect.Method.invoke(Method.java:498)
	at org.apache.catalina.startup.Bootstrap.load(Bootstrap.java:281)
	at org.apache.catalina.startup.Bootstrap.main(Bootstrap.java:455)
Caused by: org.apache.catalina.LifecycleException: Protocol handler initialization failed
	at org.apache.catalina.connector.Connector.initInternal(Connector.java:983)
	at org.apache.catalina.util.LifecycleBase.init(LifecycleBase.java:102)
	... 12 more
Caused by: java.lang.Exception: Socket bind failed: [730048] ?????????×???(Э?é/???????/???)????í??
	at org.apache.tomcat.util.net.AprEndpoint.bind(AprEndpoint.java:430)
	at org.apache.tomcat.util.net.AbstractEndpoint.init(AbstractEndpoint.java:623)
	at org.apache.coyote.AbstractProtocol.init(AbstractProtocol.java:434)
	at org.apache.catalina.connector.Connector.initInternal(Connector.java:981)
	... 13 more

十二月 05, 2017 12:14:21 下午 org.apache.coyote.AbstractProtocol init
信息: Initializing ProtocolHandler ["ajp-apr-8009"]
十二月 05, 2017 12:14:21 下午 org.apache.coyote.AbstractProtocol init
严重: Failed to initialize end point associated with ProtocolHandler ["ajp-apr-8009"]
java.lang.Exception: Socket bind failed: [730048] ?????????×???(Э?é/???????/???)????í??
	at org.apache.tomcat.util.net.AprEndpoint.bind(AprEndpoint.java:430)
	at org.apache.tomcat.util.net.AbstractEndpoint.init(AbstractEndpoint.java:623)
	at org.apache.coyote.AbstractProtocol.init(AbstractProtocol.java:434)
	at org.apache.catalina.connector.Connector.initInternal(Connector.java:981)
	at org.apache.catalina.util.LifecycleBase.init(LifecycleBase.java:102)
	at org.apache.catalina.core.StandardService.initInternal(StandardService.java:559)
	at org.apache.catalina.util.LifecycleBase.init(LifecycleBase.java:102)
	at org.apache.catalina.core.StandardServer.initInternal(StandardServer.java:814)
	at org.apache.catalina.util.LifecycleBase.init(LifecycleBase.java:102)
	at org.apache.catalina.startup.Catalina.load(Catalina.java:640)
	at org.apache.catalina.startup.Catalina.load(Catalina.java:665)
	at sun.reflect.NativeMethodAccessorImpl.invoke0(Native Method)
	at sun.reflect.NativeMethodAccessorImpl.invoke(NativeMethodAccessorImpl.java:62)
	at sun.reflect.DelegatingMethodAccessorImpl.invoke(DelegatingMethodAccessorImpl.java:43)
	at java.lang.reflect.Method.invoke(Method.java:498)
	at org.apache.catalina.startup.Bootstrap.load(Bootstrap.java:281)
	at org.apache.catalina.startup.Bootstrap.main(Bootstrap.java:455)

十二月 05, 2017 12:14:21 下午 org.apache.catalina.core.StandardService initInternal
严重: Failed to initialize connector [Connector[AJP/1.3-8009]]
org.apache.catalina.LifecycleException: Failed to initialize component [Connector[AJP/1.3-8009]]
	at org.apache.catalina.util.LifecycleBase.init(LifecycleBase.java:106)
	at org.apache.catalina.core.StandardService.initInternal(StandardService.java:559)
	at org.apache.catalina.util.LifecycleBase.init(LifecycleBase.java:102)
	at org.apache.catalina.core.StandardServer.initInternal(StandardServer.java:814)
	at org.apache.catalina.util.LifecycleBase.init(LifecycleBase.java:102)
	at org.apache.catalina.startup.Catalina.load(Catalina.java:640)
	at org.apache.catalina.startup.Catalina.load(Catalina.java:665)
	at sun.reflect.NativeMethodAccessorImpl.invoke0(Native Method)
	at sun.reflect.NativeMethodAccessorImpl.invoke(NativeMethodAccessorImpl.java:62)
	at sun.reflect.DelegatingMethodAccessorImpl.invoke(DelegatingMethodAccessorImpl.java:43)
	at java.lang.reflect.Method.invoke(Method.java:498)
	at org.apache.catalina.startup.Bootstrap.load(Bootstrap.java:281)
	at org.apache.catalina.startup.Bootstrap.main(Bootstrap.java:455)
Caused by: org.apache.catalina.LifecycleException: Protocol handler initialization failed
	at org.apache.catalina.connector.Connector.initInternal(Connector.java:983)
	at org.apache.catalina.util.LifecycleBase.init(LifecycleBase.java:102)
	... 12 more
Caused by: java.lang.Exception: Socket bind failed: [730048] ?????????×???(Э?é/???????/???)????í??
	at org.apache.tomcat.util.net.AprEndpoint.bind(AprEndpoint.java:430)
	at org.apache.tomcat.util.net.AbstractEndpoint.init(AbstractEndpoint.java:623)
	at org.apache.coyote.AbstractProtocol.init(AbstractProtocol.java:434)
	at org.apache.catalina.connector.Connector.initInternal(Connector.java:981)
	... 13 more

十二月 05, 2017 12:14:21 下午 org.apache.catalina.startup.Catalina load
信息: Initialization processed in 946 ms
十二月 05, 2017 12:14:21 下午 org.apache.catalina.core.StandardService startInternal
信息: Starting service Catalina
十二月 05, 2017 12:14:21 下午 org.apache.catalina.core.StandardEngine startInternal
信息: Starting Servlet Engine: Apache Tomcat/7.0.47
十二月 05, 2017 12:14:21 下午 org.apache.catalina.startup.HostConfig deployDirectory
信息: Deploying web application directory E:\apache-tomcat-7.0.82\webapps\docs
十二月 05, 2017 12:14:21 下午 org.apache.catalina.startup.HostConfig deployDirectory
信息: Deploying web application directory E:\apache-tomcat-7.0.82\webapps\examples
十二月 05, 2017 12:14:22 下午 org.apache.catalina.startup.TaglibUriRule body
信息: TLD skipped. URI: http://java.sun.com/jstl/core_rt is already defined
十二月 05, 2017 12:14:22 下午 org.apache.catalina.startup.TaglibUriRule body
信息: TLD skipped. URI: http://java.sun.com/jsp/jstl/core is already defined
十二月 05, 2017 12:14:22 下午 org.apache.catalina.startup.TaglibUriRule body
信息: TLD skipped. URI: http://java.sun.com/jstl/fmt_rt is already defined
十二月 05, 2017 12:14:22 下午 org.apache.catalina.startup.TaglibUriRule body
信息: TLD skipped. URI: http://java.sun.com/jsp/jstl/fmt is already defined
十二月 05, 2017 12:14:22 下午 org.apache.catalina.startup.TaglibUriRule body
信息: TLD skipped. URI: http://java.sun.com/jsp/jstl/functions is already defined
十二月 05, 2017 12:14:22 下午 org.apache.catalina.startup.TaglibUriRule body
信息: TLD skipped. URI: http://jakarta.apache.org/taglibs/standard/permittedTaglibs is already defined
十二月 05, 2017 12:14:22 下午 org.apache.catalina.startup.TaglibUriRule body
信息: TLD skipped. URI: http://jakarta.apache.org/taglibs/standard/scriptfree is already defined
十二月 05, 2017 12:14:22 下午 org.apache.catalina.startup.TaglibUriRule body
信息: TLD skipped. URI: http://java.sun.com/jstl/sql_rt is already defined
十二月 05, 2017 12:14:22 下午 org.apache.catalina.startup.TaglibUriRule body
信息: TLD skipped. URI: http://java.sun.com/jsp/jstl/sql is already defined
十二月 05, 2017 12:14:22 下午 org.apache.catalina.startup.TaglibUriRule body
信息: TLD skipped. URI: http://java.sun.com/jstl/xml_rt is already defined
十二月 05, 2017 12:14:22 下午 org.apache.catalina.startup.TaglibUriRule body
信息: TLD skipped. URI: http://java.sun.com/jsp/jstl/xml is already defined
十二月 05, 2017 12:14:22 下午 org.apache.catalina.startup.HostConfig deployDirectory
信息: Deploying web application directory E:\apache-tomcat-7.0.82\webapps\host-manager
十二月 05, 2017 12:14:22 下午 org.apache.catalina.startup.HostConfig deployDirectory
信息: Deploying web application directory E:\apache-tomcat-7.0.82\webapps\manager
十二月 05, 2017 12:14:22 下午 org.apache.catalina.startup.HostConfig deployDirectory
信息: Deploying web application directory E:\apache-tomcat-7.0.82\webapps\myapp
十二月 05, 2017 12:14:22 下午 org.apache.catalina.startup.HostConfig deployDirectory
信息: Deploying web application directory E:\apache-tomcat-7.0.82\webapps\ROOT
十二月 05, 2017 12:14:22 下午 org.apache.catalina.startup.Catalina start
信息: Server startup in 736 ms
十二月 05, 2017 12:14:22 下午 org.apache.catalina.core.StandardServer await
严重: StandardServer.await: create[localhost:8005]: 
java.net.BindException: Address already in use: JVM_Bind
	at java.net.DualStackPlainSocketImpl.bind0(Native Method)
	at java.net.DualStackPlainSocketImpl.socketBind(DualStackPlainSocketImpl.java:106)
	at java.net.AbstractPlainSocketImpl.bind(AbstractPlainSocketImpl.java:387)
	at java.net.PlainSocketImpl.bind(PlainSocketImpl.java:190)
	at java.net.ServerSocket.bind(ServerSocket.java:375)
	at java.net.ServerSocket.<init>(ServerSocket.java:237)
	at org.apache.catalina.core.StandardServer.await(StandardServer.java:427)
	at org.apache.catalina.startup.Catalina.await(Catalina.java:779)
	at org.apache.catalina.startup.Catalina.start(Catalina.java:725)
	at sun.reflect.NativeMethodAccessorImpl.invoke0(Native Method)
	at sun.reflect.NativeMethodAccessorImpl.invoke(NativeMethodAccessorImpl.java:62)
	at sun.reflect.DelegatingMethodAccessorImpl.invoke(DelegatingMethodAccessorImpl.java:43)
	at java.lang.reflect.Method.invoke(Method.java:498)
	at org.apache.catalina.startup.Bootstrap.start(Bootstrap.java:322)
	at org.apache.catalina.startup.Bootstrap.main(Bootstrap.java:456)

十二月 05, 2017 12:14:22 下午 org.apache.coyote.AbstractProtocol pause
信息: Pausing ProtocolHandler ["http-apr-8080"]
十二月 05, 2017 12:14:22 下午 org.apache.coyote.AbstractProtocol pause
信息: Pausing ProtocolHandler ["ajp-apr-8009"]
十二月 05, 2017 12:14:22 下午 org.apache.catalina.core.StandardService stopInternal
信息: Stopping service Catalina
十二月 05, 2017 12:14:22 下午 org.apache.coyote.AbstractProtocol stop
信息: Stopping ProtocolHandler ["http-apr-8080"]
十二月 05, 2017 12:14:22 下午 org.apache.coyote.AbstractProtocol destroy
信息: Destroying ProtocolHandler ["http-apr-8080"]
十二月 05, 2017 12:14:22 下午 org.apache.coyote.AbstractProtocol stop
信息: Stopping ProtocolHandler ["ajp-apr-8009"]
十二月 05, 2017 12:14:22 下午 org.apache.coyote.AbstractProtocol destroy
信息: Destroying ProtocolHandler ["ajp-apr-8009"]
十二月 05, 2017 12:16:43 下午 org.apache.catalina.startup.Catalina stopServer
严重: Could not contact localhost:8005. Tomcat may not be running.
十二月 05, 2017 12:16:45 下午 org.apache.catalina.startup.Catalina stopServer
严重: Catalina.stop: 
java.net.ConnectException: Connection refused: connect
	at java.net.DualStackPlainSocketImpl.connect0(Native Method)
	at java.net.DualStackPlainSocketImpl.socketConnect(DualStackPlainSocketImpl.java:79)
	at java.net.AbstractPlainSocketImpl.doConnect(AbstractPlainSocketImpl.java:350)
	at java.net.AbstractPlainSocketImpl.connectToAddress(AbstractPlainSocketImpl.java:206)
	at java.net.AbstractPlainSocketImpl.connect(AbstractPlainSocketImpl.java:188)
	at java.net.PlainSocketImpl.connect(PlainSocketImpl.java:172)
	at java.net.SocksSocketImpl.connect(SocksSocketImpl.java:392)
	at java.net.Socket.connect(Socket.java:589)
	at java.net.Socket.connect(Socket.java:538)
	at java.net.Socket.<init>(Socket.java:434)
	at java.net.Socket.<init>(Socket.java:211)
	at org.apache.catalina.startup.Catalina.stopServer(Catalina.java:500)
	at sun.reflect.NativeMethodAccessorImpl.invoke0(Native Method)
	at sun.reflect.NativeMethodAccessorImpl.invoke(NativeMethodAccessorImpl.java:62)
	at sun.reflect.DelegatingMethodAccessorImpl.invoke(DelegatingMethodAccessorImpl.java:43)
	at java.lang.reflect.Method.invoke(Method.java:498)
	at org.apache.catalina.startup.Bootstrap.stopServer(Bootstrap.java:371)
	at org.apache.catalina.startup.Bootstrap.main(Bootstrap.java:458)

十二月 05, 2017 12:16:48 下午 org.apache.catalina.core.AprLifecycleListener init
信息: Loaded APR based Apache Tomcat Native library 1.1.29 using APR version 1.4.8.
十二月 05, 2017 12:16:48 下午 org.apache.catalina.core.AprLifecycleListener init
信息: APR capabilities: IPv6 [true], sendfile [true], accept filters [false], random [true].
十二月 05, 2017 12:16:48 下午 org.apache.catalina.core.AprLifecycleListener initializeSSL
信息: OpenSSL successfully initialized (OpenSSL 1.0.1e 11 Feb 2013)
十二月 05, 2017 12:16:49 下午 org.apache.coyote.AbstractProtocol init
信息: Initializing ProtocolHandler ["http-apr-8080"]
十二月 05, 2017 12:16:49 下午 org.apache.coyote.AbstractProtocol init
信息: Initializing ProtocolHandler ["ajp-apr-8009"]
十二月 05, 2017 12:16:49 下午 org.apache.catalina.startup.Catalina load
信息: Initialization processed in 679 ms
十二月 05, 2017 12:16:49 下午 org.apache.catalina.core.StandardService startInternal
信息: Starting service Catalina
十二月 05, 2017 12:16:49 下午 org.apache.catalina.core.StandardEngine startInternal
信息: Starting Servlet Engine: Apache Tomcat/7.0.47
十二月 05, 2017 12:16:49 下午 org.apache.catalina.startup.HostConfig deployDirectory
信息: Deploying web application directory E:\apache-tomcat-7.0.82\webapps\docs
十二月 05, 2017 12:16:49 下午 org.apache.catalina.startup.HostConfig deployDirectory
信息: Deploying web application directory E:\apache-tomcat-7.0.82\webapps\examples
十二月 05, 2017 12:16:49 下午 org.apache.catalina.startup.TaglibUriRule body
信息: TLD skipped. URI: http://java.sun.com/jstl/core_rt is already defined
十二月 05, 2017 12:16:49 下午 org.apache.catalina.startup.TaglibUriRule body
信息: TLD skipped. URI: http://java.sun.com/jsp/jstl/core is already defined
十二月 05, 2017 12:16:49 下午 org.apache.catalina.startup.TaglibUriRule body
信息: TLD skipped. URI: http://java.sun.com/jstl/fmt_rt is already defined
十二月 05, 2017 12:16:49 下午 org.apache.catalina.startup.TaglibUriRule body
信息: TLD skipped. URI: http://java.sun.com/jsp/jstl/fmt is already defined
十二月 05, 2017 12:16:49 下午 org.apache.catalina.startup.TaglibUriRule body
信息: TLD skipped. URI: http://java.sun.com/jsp/jstl/functions is already defined
十二月 05, 2017 12:16:49 下午 org.apache.catalina.startup.TaglibUriRule body
信息: TLD skipped. URI: http://jakarta.apache.org/taglibs/standard/permittedTaglibs is already defined
十二月 05, 2017 12:16:49 下午 org.apache.catalina.startup.TaglibUriRule body
信息: TLD skipped. URI: http://jakarta.apache.org/taglibs/standard/scriptfree is already defined
十二月 05, 2017 12:16:49 下午 org.apache.catalina.startup.TaglibUriRule body
信息: TLD skipped. URI: http://java.sun.com/jstl/sql_rt is already defined
十二月 05, 2017 12:16:49 下午 org.apache.catalina.startup.TaglibUriRule body
信息: TLD skipped. URI: http://java.sun.com/jsp/jstl/sql is already defined
十二月 05, 2017 12:16:49 下午 org.apache.catalina.startup.TaglibUriRule body
信息: TLD skipped. URI: http://java.sun.com/jstl/xml_rt is already defined
十二月 05, 2017 12:16:49 下午 org.apache.catalina.startup.TaglibUriRule body
信息: TLD skipped. URI: http://java.sun.com/jsp/jstl/xml is already defined
十二月 05, 2017 12:16:49 下午 org.apache.catalina.startup.HostConfig deployDirectory
信息: Deploying web application directory E:\apache-tomcat-7.0.82\webapps\host-manager
十二月 05, 2017 12:16:49 下午 org.apache.catalina.startup.HostConfig deployDirectory
信息: Deploying web application directory E:\apache-tomcat-7.0.82\webapps\manager
十二月 05, 2017 12:16:49 下午 org.apache.catalina.startup.HostConfig deployDirectory
信息: Deploying web application directory E:\apache-tomcat-7.0.82\webapps\myapp
十二月 05, 2017 12:16:49 下午 org.apache.catalina.startup.HostConfig deployDirectory
信息: Deploying web application directory E:\apache-tomcat-7.0.82\webapps\ROOT
十二月 05, 2017 12:16:49 下午 org.apache.coyote.AbstractProtocol start
信息: Starting ProtocolHandler ["http-apr-8080"]
十二月 05, 2017 12:16:49 下午 org.apache.coyote.AbstractProtocol start
信息: Starting ProtocolHandler ["ajp-apr-8009"]
十二月 05, 2017 12:16:49 下午 org.apache.catalina.startup.Catalina start
信息: Server startup in 736 ms
十二月 05, 2017 12:22:43 下午 org.apache.catalina.core.AprLifecycleListener init
信息: Loaded APR based Apache Tomcat Native library 1.1.29 using APR version 1.4.8.
十二月 05, 2017 12:22:44 下午 org.apache.catalina.core.AprLifecycleListener init
信息: APR capabilities: IPv6 [true], sendfile [true], accept filters [false], random [true].
十二月 05, 2017 12:22:44 下午 org.apache.catalina.core.AprLifecycleListener initializeSSL
信息: OpenSSL successfully initialized (OpenSSL 1.0.1e 11 Feb 2013)
十二月 05, 2017 12:22:44 下午 org.apache.coyote.AbstractProtocol init
信息: Initializing ProtocolHandler ["http-apr-8080"]
十二月 05, 2017 12:22:44 下午 org.apache.coyote.AbstractProtocol init
信息: Initializing ProtocolHandler ["ajp-apr-8009"]
十二月 05, 2017 12:22:44 下午 org.apache.catalina.startup.Catalina load
信息: Initialization processed in 643 ms
十二月 05, 2017 12:22:44 下午 org.apache.catalina.core.StandardService startInternal
信息: Starting service Catalina
十二月 05, 2017 12:22:44 下午 org.apache.catalina.core.StandardEngine startInternal
信息: Starting Servlet Engine: Apache Tomcat/7.0.47
十二月 05, 2017 12:22:44 下午 org.apache.catalina.startup.HostConfig deployDirectory
信息: Deploying web application directory E:\apache-tomcat-7.0.82\webapps\docs
十二月 05, 2017 12:22:44 下午 org.apache.catalina.startup.HostConfig deployDirectory
信息: Deploying web application directory E:\apache-tomcat-7.0.82\webapps\examples
十二月 05, 2017 12:22:45 下午 org.apache.catalina.startup.TaglibUriRule body
信息: TLD skipped. URI: http://java.sun.com/jstl/core_rt is already defined
十二月 05, 2017 12:22:45 下午 org.apache.catalina.startup.TaglibUriRule body
信息: TLD skipped. URI: http://java.sun.com/jsp/jstl/core is already defined
十二月 05, 2017 12:22:45 下午 org.apache.catalina.startup.TaglibUriRule body
信息: TLD skipped. URI: http://java.sun.com/jstl/fmt_rt is already defined
十二月 05, 2017 12:22:45 下午 org.apache.catalina.startup.TaglibUriRule body
信息: TLD skipped. URI: http://java.sun.com/jsp/jstl/fmt is already defined
十二月 05, 2017 12:22:45 下午 org.apache.catalina.startup.TaglibUriRule body
信息: TLD skipped. URI: http://java.sun.com/jsp/jstl/functions is already defined
十二月 05, 2017 12:22:45 下午 org.apache.catalina.startup.TaglibUriRule body
信息: TLD skipped. URI: http://jakarta.apache.org/taglibs/standard/permittedTaglibs is already defined
十二月 05, 2017 12:22:45 下午 org.apache.catalina.startup.TaglibUriRule body
信息: TLD skipped. URI: http://jakarta.apache.org/taglibs/standard/scriptfree is already defined
十二月 05, 2017 12:22:45 下午 org.apache.catalina.startup.TaglibUriRule body
信息: TLD skipped. URI: http://java.sun.com/jstl/sql_rt is already defined
十二月 05, 2017 12:22:45 下午 org.apache.catalina.startup.TaglibUriRule body
信息: TLD skipped. URI: http://java.sun.com/jsp/jstl/sql is already defined
十二月 05, 2017 12:22:45 下午 org.apache.catalina.startup.TaglibUriRule body
信息: TLD skipped. URI: http://java.sun.com/jstl/xml_rt is already defined
十二月 05, 2017 12:22:45 下午 org.apache.catalina.startup.TaglibUriRule body
信息: TLD skipped. URI: http://java.sun.com/jsp/jstl/xml is already defined
十二月 05, 2017 12:22:45 下午 org.apache.catalina.startup.HostConfig deployDirectory
信息: Deploying web application directory E:\apache-tomcat-7.0.82\webapps\host-manager
十二月 05, 2017 12:22:45 下午 org.apache.catalina.startup.HostConfig deployDirectory
信息: Deploying web application directory E:\apache-tomcat-7.0.82\webapps\manager
十二月 05, 2017 12:22:45 下午 org.apache.catalina.startup.HostConfig deployDirectory
信息: Deploying web application directory E:\apache-tomcat-7.0.82\webapps\myapp
十二月 05, 2017 12:22:45 下午 org.apache.catalina.startup.HostConfig deployDirectory
信息: Deploying web application directory E:\apache-tomcat-7.0.82\webapps\ROOT
十二月 05, 2017 12:22:45 下午 org.apache.coyote.AbstractProtocol start
信息: Starting ProtocolHandler ["http-apr-8080"]
十二月 05, 2017 12:22:45 下午 org.apache.coyote.AbstractProtocol start
信息: Starting ProtocolHandler ["ajp-apr-8009"]
十二月 05, 2017 12:22:45 下午 org.apache.catalina.startup.Catalina start
信息: Server startup in 713 ms
十二月 05, 2017 12:23:00 下午 org.apache.coyote.AbstractProtocol pause
信息: Pausing ProtocolHandler ["http-apr-8080"]
十二月 05, 2017 12:23:00 下午 org.apache.coyote.AbstractProtocol pause
信息: Pausing ProtocolHandler ["ajp-apr-8009"]
十二月 05, 2017 12:23:00 下午 org.apache.catalina.core.StandardService stopInternal
信息: Stopping service Catalina
十二月 05, 2017 12:23:00 下午 org.apache.coyote.AbstractProtocol stop
信息: Stopping ProtocolHandler ["http-apr-8080"]
十二月 05, 2017 12:23:00 下午 org.apache.coyote.AbstractProtocol stop
信息: Stopping ProtocolHandler ["ajp-apr-8009"]
十二月 05, 2017 12:23:01 下午 org.apache.coyote.AbstractProtocol destroy
信息: Destroying ProtocolHandler ["http-apr-8080"]
十二月 05, 2017 12:23:01 下午 org.apache.coyote.AbstractProtocol destroy
信息: Destroying ProtocolHandler ["ajp-apr-8009"]
