十一月 14, 2017 5:34:41 下午 org.apache.catalina.core.AprLifecycleListener init
警告: The APR based Apache Tomcat Native library failed to load. The error reported was [C:\Users\Administrator\Desktop\apache-tomcat-7.0.82\bin\tcnative-1.dll: Can't load AMD 64-bit .dll on a IA 32-bit platform]
java.lang.UnsatisfiedLinkError: C:\Users\Administrator\Desktop\apache-tomcat-7.0.82\bin\tcnative-1.dll: Can't load AMD 64-bit .dll on a IA 32-bit platform
	at java.lang.ClassLoader$NativeLibrary.load(Native Method)
	at java.lang.ClassLoader.loadLibrary0(ClassLoader.java:1941)
	at java.lang.ClassLoader.loadLibrary(ClassLoader.java:1857)
	at java.lang.Runtime.loadLibrary0(Runtime.java:870)
	at java.lang.System.loadLibrary(System.java:1122)
	at org.apache.tomcat.jni.Library.<init>(Library.java:42)
	at org.apache.tomcat.jni.Library.initialize(Library.java:178)
	at org.apache.catalina.core.AprLifecycleListener.init(AprLifecycleListener.java:200)
	at org.apache.catalina.core.AprLifecycleListener.isAprAvailable(AprLifecycleListener.java:108)
	at org.apache.catalina.connector.Connector.setProtocol(Connector.java:592)
	at org.apache.catalina.connector.Connector.<init>(Connector.java:66)
	at org.apache.catalina.startup.ConnectorCreateRule.begin(ConnectorCreateRule.java:62)
	at org.apache.tomcat.util.digester.Digester.startElement(Digester.java:1303)
	at com.sun.org.apache.xerces.internal.parsers.AbstractSAXParser.startElement(AbstractSAXParser.java:509)
	at com.sun.org.apache.xerces.internal.parsers.AbstractXMLDocumentParser.emptyElement(AbstractXMLDocumentParser.java:182)
	at com.sun.org.apache.xerces.internal.impl.XMLDocumentFragmentScannerImpl.scanStartElement(XMLDocumentFragmentScannerImpl.java:1339)
	at com.sun.org.apache.xerces.internal.impl.XMLDocumentFragmentScannerImpl$FragmentContentDriver.next(XMLDocumentFragmentScannerImpl.java:2784)
	at com.sun.org.apache.xerces.internal.impl.XMLDocumentScannerImpl.next(XMLDocumentScannerImpl.java:602)
	at com.sun.org.apache.xerces.internal.impl.XMLDocumentFragmentScannerImpl.scanDocument(XMLDocumentFragmentScannerImpl.java:505)
	at com.sun.org.apache.xerces.internal.parsers.XML11Configuration.parse(XML11Configuration.java:841)
	at com.sun.org.apache.xerces.internal.parsers.XML11Configuration.parse(XML11Configuration.java:770)
	at com.sun.org.apache.xerces.internal.parsers.XMLParser.parse(XMLParser.java:141)
	at com.sun.org.apache.xerces.internal.parsers.AbstractSAXParser.parse(AbstractSAXParser.java:1213)
	at com.sun.org.apache.xerces.internal.jaxp.SAXParserImpl$JAXPSAXParser.parse(SAXParserImpl.java:643)
	at org.apache.tomcat.util.digester.Digester.parse(Digester.java:1576)
	at org.apache.catalina.startup.Catalina.load(Catalina.java:617)
	at org.apache.catalina.startup.Catalina.load(Catalina.java:668)
	at sun.reflect.NativeMethodAccessorImpl.invoke0(Native Method)
	at sun.reflect.NativeMethodAccessorImpl.invoke(NativeMethodAccessorImpl.java:62)
	at sun.reflect.DelegatingMethodAccessorImpl.invoke(DelegatingMethodAccessorImpl.java:43)
	at java.lang.reflect.Method.invoke(Method.java:498)
	at org.apache.catalina.startup.Bootstrap.load(Bootstrap.java:253)
	at org.apache.catalina.startup.Bootstrap.main(Bootstrap.java:427)

十一月 14, 2017 5:34:41 下午 org.apache.catalina.startup.VersionLoggerListener log
信息: Server version:        Apache Tomcat/7.0.82
十一月 14, 2017 5:34:41 下午 org.apache.catalina.startup.VersionLoggerListener log
信息: Server built:          Sep 29 2017 12:23:15 UTC
十一月 14, 2017 5:34:41 下午 org.apache.catalina.startup.VersionLoggerListener log
信息: Server number:         7.0.82.0
十一月 14, 2017 5:34:41 下午 org.apache.catalina.startup.VersionLoggerListener log
信息: OS Name:               Windows 7
十一月 14, 2017 5:34:41 下午 org.apache.catalina.startup.VersionLoggerListener log
信息: OS Version:            6.1
十一月 14, 2017 5:34:41 下午 org.apache.catalina.startup.VersionLoggerListener log
信息: Architecture:          x86
十一月 14, 2017 5:34:41 下午 org.apache.catalina.startup.VersionLoggerListener log
信息: Java Home:             C:\Program Files (x86)\Java\jdk1.8.0_144\jre
十一月 14, 2017 5:34:41 下午 org.apache.catalina.startup.VersionLoggerListener log
信息: JVM Version:           1.8.0_144-b01
十一月 14, 2017 5:34:41 下午 org.apache.catalina.startup.VersionLoggerListener log
信息: JVM Vendor:            Oracle Corporation
十一月 14, 2017 5:34:41 下午 org.apache.catalina.startup.VersionLoggerListener log
信息: CATALINA_BASE:         C:\Users\Administrator\Desktop\apache-tomcat-7.0.82
十一月 14, 2017 5:34:41 下午 org.apache.catalina.startup.VersionLoggerListener log
信息: CATALINA_HOME:         C:\Users\Administrator\Desktop\apache-tomcat-7.0.82
十一月 14, 2017 5:34:41 下午 org.apache.catalina.startup.VersionLoggerListener log
信息: Command line argument: -Djava.util.logging.config.file=C:\Users\Administrator\Desktop\apache-tomcat-7.0.82\conf\logging.properties
十一月 14, 2017 5:34:41 下午 org.apache.catalina.startup.VersionLoggerListener log
信息: Command line argument: -Djava.util.logging.manager=org.apache.juli.ClassLoaderLogManager
十一月 14, 2017 5:34:41 下午 org.apache.catalina.startup.VersionLoggerListener log
信息: Command line argument: -Djdk.tls.ephemeralDHKeySize=2048
十一月 14, 2017 5:34:41 下午 org.apache.catalina.startup.VersionLoggerListener log
信息: Command line argument: -Djava.endorsed.dirs=C:\Users\Administrator\Desktop\apache-tomcat-7.0.82\endorsed
十一月 14, 2017 5:34:41 下午 org.apache.catalina.startup.VersionLoggerListener log
信息: Command line argument: -Dcatalina.base=C:\Users\Administrator\Desktop\apache-tomcat-7.0.82
十一月 14, 2017 5:34:41 下午 org.apache.catalina.startup.VersionLoggerListener log
信息: Command line argument: -Dcatalina.home=C:\Users\Administrator\Desktop\apache-tomcat-7.0.82
十一月 14, 2017 5:34:41 下午 org.apache.catalina.startup.VersionLoggerListener log
信息: Command line argument: -Djava.io.tmpdir=C:\Users\Administrator\Desktop\apache-tomcat-7.0.82\temp
十一月 14, 2017 5:34:41 下午 org.apache.coyote.AbstractProtocol init
信息: Initializing ProtocolHandler ["http-bio-8080"]
十一月 14, 2017 5:34:41 下午 org.apache.coyote.AbstractProtocol init
信息: Initializing ProtocolHandler ["ajp-bio-8009"]
十一月 14, 2017 5:34:41 下午 org.apache.catalina.startup.Catalina load
信息: Initialization processed in 394 ms
十一月 14, 2017 5:34:41 下午 org.apache.catalina.core.StandardService startInternal
信息: Starting service Catalina
十一月 14, 2017 5:34:41 下午 org.apache.catalina.core.StandardEngine startInternal
信息: Starting Servlet Engine: Apache Tomcat/7.0.82
十一月 14, 2017 5:34:41 下午 org.apache.catalina.startup.HostConfig deployDirectory
信息: Deploying web application directory C:\Users\Administrator\Desktop\apache-tomcat-7.0.82\webapps\docs
十一月 14, 2017 5:34:41 下午 org.apache.catalina.startup.HostConfig deployDirectory
信息: Deployment of web application directory C:\Users\Administrator\Desktop\apache-tomcat-7.0.82\webapps\docs has finished in 280 ms
十一月 14, 2017 5:34:41 下午 org.apache.catalina.startup.HostConfig deployDirectory
信息: Deploying web application directory C:\Users\Administrator\Desktop\apache-tomcat-7.0.82\webapps\examples
十一月 14, 2017 5:34:41 下午 org.apache.catalina.startup.HostConfig deployDirectory
信息: Deployment of web application directory C:\Users\Administrator\Desktop\apache-tomcat-7.0.82\webapps\examples has finished in 194 ms
十一月 14, 2017 5:34:41 下午 org.apache.catalina.startup.HostConfig deployDirectory
信息: Deploying web application directory C:\Users\Administrator\Desktop\apache-tomcat-7.0.82\webapps\host-manager
十一月 14, 2017 5:34:41 下午 org.apache.catalina.startup.HostConfig deployDirectory
信息: Deployment of web application directory C:\Users\Administrator\Desktop\apache-tomcat-7.0.82\webapps\host-manager has finished in 92 ms
十一月 14, 2017 5:34:41 下午 org.apache.catalina.startup.HostConfig deployDirectory
信息: Deploying web application directory C:\Users\Administrator\Desktop\apache-tomcat-7.0.82\webapps\manager
十一月 14, 2017 5:34:41 下午 org.apache.catalina.startup.HostConfig deployDirectory
信息: Deployment of web application directory C:\Users\Administrator\Desktop\apache-tomcat-7.0.82\webapps\manager has finished in 49 ms
十一月 14, 2017 5:34:42 下午 org.apache.catalina.startup.HostConfig deployDirectory
信息: Deploying web application directory C:\Users\Administrator\Desktop\apache-tomcat-7.0.82\webapps\ROOT
十一月 14, 2017 5:34:42 下午 org.apache.catalina.startup.HostConfig deployDirectory
信息: Deployment of web application directory C:\Users\Administrator\Desktop\apache-tomcat-7.0.82\webapps\ROOT has finished in 35 ms
十一月 14, 2017 5:34:42 下午 org.apache.coyote.AbstractProtocol start
信息: Starting ProtocolHandler ["http-bio-8080"]
十一月 14, 2017 5:34:42 下午 org.apache.coyote.AbstractProtocol start
信息: Starting ProtocolHandler ["ajp-bio-8009"]
十一月 14, 2017 5:34:42 下午 org.apache.catalina.startup.Catalina start
信息: Server startup in 707 ms
十一月 14, 2017 5:39:05 下午 org.apache.coyote.AbstractProtocol pause
信息: Pausing ProtocolHandler ["http-bio-8080"]
十一月 14, 2017 5:39:05 下午 org.apache.coyote.AbstractProtocol pause
信息: Pausing ProtocolHandler ["ajp-bio-8009"]
十一月 14, 2017 5:39:05 下午 org.apache.catalina.core.StandardService stopInternal
信息: Stopping service Catalina
十一月 14, 2017 5:39:05 下午 org.apache.coyote.AbstractProtocol stop
信息: Stopping ProtocolHandler ["http-bio-8080"]
十一月 14, 2017 5:39:05 下午 org.apache.coyote.AbstractProtocol stop
信息: Stopping ProtocolHandler ["ajp-bio-8009"]
十一月 14, 2017 5:39:05 下午 org.apache.coyote.AbstractProtocol destroy
信息: Destroying ProtocolHandler ["http-bio-8080"]
十一月 14, 2017 5:39:05 下午 org.apache.coyote.AbstractProtocol destroy
信息: Destroying ProtocolHandler ["ajp-bio-8009"]
十一月 14, 2017 5:39:42 下午 org.apache.catalina.startup.Catalina stopServer
严重: Could not contact localhost:8005. Tomcat may not be running.
十一月 14, 2017 5:39:42 下午 org.apache.catalina.startup.Catalina stopServer
严重: Catalina.stop: 
java.net.ConnectException: Connection refused: connect
	at java.net.DualStackPlainSocketImpl.connect0(Native Method)
	at java.net.DualStackPlainSocketImpl.socketConnect(DualStackPlainSocketImpl.java:79)
	at java.net.AbstractPlainSocketImpl.doConnect(AbstractPlainSocketImpl.java:350)
	at java.net.AbstractPlainSocketImpl.connectToAddress(AbstractPlainSocketImpl.java:206)
	at java.net.AbstractPlainSocketImpl.connect(AbstractPlainSocketImpl.java:188)
	at java.net.PlainSocketImpl.connect(PlainSocketImpl.java:172)
	at java.net.SocksSocketImpl.connect(SocksSocketImpl.java:392)
	at java.net.Socket.connect(Socket.java:589)
	at java.net.Socket.connect(Socket.java:538)
	at java.net.Socket.<init>(Socket.java:434)
	at java.net.Socket.<init>(Socket.java:211)
	at org.apache.catalina.startup.Catalina.stopServer(Catalina.java:499)
	at sun.reflect.NativeMethodAccessorImpl.invoke0(Native Method)
	at sun.reflect.NativeMethodAccessorImpl.invoke(NativeMethodAccessorImpl.java:62)
	at sun.reflect.DelegatingMethodAccessorImpl.invoke(DelegatingMethodAccessorImpl.java:43)
	at java.lang.reflect.Method.invoke(Method.java:498)
	at org.apache.catalina.startup.Bootstrap.stopServer(Bootstrap.java:343)
	at org.apache.catalina.startup.Bootstrap.main(Bootstrap.java:430)

十一月 14, 2017 5:39:56 下午 org.apache.catalina.core.AprLifecycleListener init
警告: The APR based Apache Tomcat Native library failed to load. The error reported was [C:\Users\Administrator\Desktop\apache-tomcat-7.0.82\bin\tcnative-1.dll: Can't load AMD 64-bit .dll on a IA 32-bit platform]
java.lang.UnsatisfiedLinkError: C:\Users\Administrator\Desktop\apache-tomcat-7.0.82\bin\tcnative-1.dll: Can't load AMD 64-bit .dll on a IA 32-bit platform
	at java.lang.ClassLoader$NativeLibrary.load(Native Method)
	at java.lang.ClassLoader.loadLibrary0(ClassLoader.java:1941)
	at java.lang.ClassLoader.loadLibrary(ClassLoader.java:1857)
	at java.lang.Runtime.loadLibrary0(Runtime.java:870)
	at java.lang.System.loadLibrary(System.java:1122)
	at org.apache.tomcat.jni.Library.<init>(Library.java:42)
	at org.apache.tomcat.jni.Library.initialize(Library.java:178)
	at org.apache.catalina.core.AprLifecycleListener.init(AprLifecycleListener.java:200)
	at org.apache.catalina.core.AprLifecycleListener.isAprAvailable(AprLifecycleListener.java:108)
	at org.apache.catalina.connector.Connector.setProtocol(Connector.java:592)
	at org.apache.catalina.connector.Connector.<init>(Connector.java:66)
	at org.apache.catalina.startup.ConnectorCreateRule.begin(ConnectorCreateRule.java:62)
	at org.apache.tomcat.util.digester.Digester.startElement(Digester.java:1303)
	at com.sun.org.apache.xerces.internal.parsers.AbstractSAXParser.startElement(AbstractSAXParser.java:509)
	at com.sun.org.apache.xerces.internal.parsers.AbstractXMLDocumentParser.emptyElement(AbstractXMLDocumentParser.java:182)
	at com.sun.org.apache.xerces.internal.impl.XMLDocumentFragmentScannerImpl.scanStartElement(XMLDocumentFragmentScannerImpl.java:1339)
	at com.sun.org.apache.xerces.internal.impl.XMLDocumentFragmentScannerImpl$FragmentContentDriver.next(XMLDocumentFragmentScannerImpl.java:2784)
	at com.sun.org.apache.xerces.internal.impl.XMLDocumentScannerImpl.next(XMLDocumentScannerImpl.java:602)
	at com.sun.org.apache.xerces.internal.impl.XMLDocumentFragmentScannerImpl.scanDocument(XMLDocumentFragmentScannerImpl.java:505)
	at com.sun.org.apache.xerces.internal.parsers.XML11Configuration.parse(XML11Configuration.java:841)
	at com.sun.org.apache.xerces.internal.parsers.XML11Configuration.parse(XML11Configuration.java:770)
	at com.sun.org.apache.xerces.internal.parsers.XMLParser.parse(XMLParser.java:141)
	at com.sun.org.apache.xerces.internal.parsers.AbstractSAXParser.parse(AbstractSAXParser.java:1213)
	at com.sun.org.apache.xerces.internal.jaxp.SAXParserImpl$JAXPSAXParser.parse(SAXParserImpl.java:643)
	at org.apache.tomcat.util.digester.Digester.parse(Digester.java:1576)
	at org.apache.catalina.startup.Catalina.load(Catalina.java:617)
	at org.apache.catalina.startup.Catalina.load(Catalina.java:668)
	at sun.reflect.NativeMethodAccessorImpl.invoke0(Native Method)
	at sun.reflect.NativeMethodAccessorImpl.invoke(NativeMethodAccessorImpl.java:62)
	at sun.reflect.DelegatingMethodAccessorImpl.invoke(DelegatingMethodAccessorImpl.java:43)
	at java.lang.reflect.Method.invoke(Method.java:498)
	at org.apache.catalina.startup.Bootstrap.load(Bootstrap.java:253)
	at org.apache.catalina.startup.Bootstrap.main(Bootstrap.java:427)

十一月 14, 2017 5:39:56 下午 org.apache.catalina.startup.VersionLoggerListener log
信息: Server version:        Apache Tomcat/7.0.82
十一月 14, 2017 5:39:56 下午 org.apache.catalina.startup.VersionLoggerListener log
信息: Server built:          Sep 29 2017 12:23:15 UTC
十一月 14, 2017 5:39:56 下午 org.apache.catalina.startup.VersionLoggerListener log
信息: Server number:         7.0.82.0
十一月 14, 2017 5:39:56 下午 org.apache.catalina.startup.VersionLoggerListener log
信息: OS Name:               Windows 7
十一月 14, 2017 5:39:56 下午 org.apache.catalina.startup.VersionLoggerListener log
信息: OS Version:            6.1
十一月 14, 2017 5:39:56 下午 org.apache.catalina.startup.VersionLoggerListener log
信息: Architecture:          x86
十一月 14, 2017 5:39:56 下午 org.apache.catalina.startup.VersionLoggerListener log
信息: Java Home:             C:\Program Files (x86)\Java\jdk1.8.0_144\jre
十一月 14, 2017 5:39:56 下午 org.apache.catalina.startup.VersionLoggerListener log
信息: JVM Version:           1.8.0_144-b01
十一月 14, 2017 5:39:56 下午 org.apache.catalina.startup.VersionLoggerListener log
信息: JVM Vendor:            Oracle Corporation
十一月 14, 2017 5:39:56 下午 org.apache.catalina.startup.VersionLoggerListener log
信息: CATALINA_BASE:         C:\Users\Administrator\Desktop\apache-tomcat-7.0.82
十一月 14, 2017 5:39:56 下午 org.apache.catalina.startup.VersionLoggerListener log
信息: CATALINA_HOME:         C:\Users\Administrator\Desktop\apache-tomcat-7.0.82
十一月 14, 2017 5:39:56 下午 org.apache.catalina.startup.VersionLoggerListener log
信息: Command line argument: -Djava.util.logging.config.file=C:\Users\Administrator\Desktop\apache-tomcat-7.0.82\conf\logging.properties
十一月 14, 2017 5:39:56 下午 org.apache.catalina.startup.VersionLoggerListener log
信息: Command line argument: -Djava.util.logging.manager=org.apache.juli.ClassLoaderLogManager
十一月 14, 2017 5:39:56 下午 org.apache.catalina.startup.VersionLoggerListener log
信息: Command line argument: -Djdk.tls.ephemeralDHKeySize=2048
十一月 14, 2017 5:39:56 下午 org.apache.catalina.startup.VersionLoggerListener log
信息: Command line argument: -Djava.endorsed.dirs=C:\Users\Administrator\Desktop\apache-tomcat-7.0.82\endorsed
十一月 14, 2017 5:39:56 下午 org.apache.catalina.startup.VersionLoggerListener log
信息: Command line argument: -Dcatalina.base=C:\Users\Administrator\Desktop\apache-tomcat-7.0.82
十一月 14, 2017 5:39:56 下午 org.apache.catalina.startup.VersionLoggerListener log
信息: Command line argument: -Dcatalina.home=C:\Users\Administrator\Desktop\apache-tomcat-7.0.82
十一月 14, 2017 5:39:56 下午 org.apache.catalina.startup.VersionLoggerListener log
信息: Command line argument: -Djava.io.tmpdir=C:\Users\Administrator\Desktop\apache-tomcat-7.0.82\temp
十一月 14, 2017 5:39:56 下午 org.apache.coyote.AbstractProtocol init
信息: Initializing ProtocolHandler ["http-bio-8080"]
十一月 14, 2017 5:39:56 下午 org.apache.coyote.AbstractProtocol init
信息: Initializing ProtocolHandler ["ajp-bio-8009"]
十一月 14, 2017 5:39:56 下午 org.apache.catalina.startup.Catalina load
信息: Initialization processed in 382 ms
十一月 14, 2017 5:39:56 下午 org.apache.catalina.core.StandardService startInternal
信息: Starting service Catalina
十一月 14, 2017 5:39:56 下午 org.apache.catalina.core.StandardEngine startInternal
信息: Starting Servlet Engine: Apache Tomcat/7.0.82
十一月 14, 2017 5:39:56 下午 org.apache.catalina.startup.HostConfig deployDirectory
信息: Deploying web application directory C:\Users\Administrator\Desktop\apache-tomcat-7.0.82\webapps\docs
十一月 14, 2017 5:39:56 下午 org.apache.catalina.startup.HostConfig deployDirectory
信息: Deployment of web application directory C:\Users\Administrator\Desktop\apache-tomcat-7.0.82\webapps\docs has finished in 267 ms
十一月 14, 2017 5:39:56 下午 org.apache.catalina.startup.HostConfig deployDirectory
信息: Deploying web application directory C:\Users\Administrator\Desktop\apache-tomcat-7.0.82\webapps\examples
十一月 14, 2017 5:39:56 下午 org.apache.catalina.startup.HostConfig deployDirectory
信息: Deployment of web application directory C:\Users\Administrator\Desktop\apache-tomcat-7.0.82\webapps\examples has finished in 188 ms
十一月 14, 2017 5:39:56 下午 org.apache.catalina.startup.HostConfig deployDirectory
信息: Deploying web application directory C:\Users\Administrator\Desktop\apache-tomcat-7.0.82\webapps\host-manager
十一月 14, 2017 5:39:56 下午 org.apache.catalina.startup.HostConfig deployDirectory
信息: Deployment of web application directory C:\Users\Administrator\Desktop\apache-tomcat-7.0.82\webapps\host-manager has finished in 93 ms
十一月 14, 2017 5:39:56 下午 org.apache.catalina.startup.HostConfig deployDirectory
信息: Deploying web application directory C:\Users\Administrator\Desktop\apache-tomcat-7.0.82\webapps\manager
十一月 14, 2017 5:39:56 下午 org.apache.catalina.startup.HostConfig deployDirectory
信息: Deployment of web application directory C:\Users\Administrator\Desktop\apache-tomcat-7.0.82\webapps\manager has finished in 44 ms
十一月 14, 2017 5:39:56 下午 org.apache.catalina.startup.HostConfig deployDirectory
信息: Deploying web application directory C:\Users\Administrator\Desktop\apache-tomcat-7.0.82\webapps\ROOT
十一月 14, 2017 5:39:56 下午 org.apache.catalina.startup.HostConfig deployDirectory
信息: Deployment of web application directory C:\Users\Administrator\Desktop\apache-tomcat-7.0.82\webapps\ROOT has finished in 33 ms
十一月 14, 2017 5:39:56 下午 org.apache.coyote.AbstractProtocol start
信息: Starting ProtocolHandler ["http-bio-8080"]
十一月 14, 2017 5:39:56 下午 org.apache.coyote.AbstractProtocol start
信息: Starting ProtocolHandler ["ajp-bio-8009"]
十一月 14, 2017 5:39:56 下午 org.apache.catalina.startup.Catalina start
信息: Server startup in 681 ms
十一月 14, 2017 6:13:53 下午 org.apache.catalina.core.AprLifecycleListener init
警告: The APR based Apache Tomcat Native library failed to load. The error reported was [E:\apache-tomcat-7.0.82\bin\tcnative-1.dll: Can't load AMD 64-bit .dll on a IA 32-bit platform]
java.lang.UnsatisfiedLinkError: E:\apache-tomcat-7.0.82\bin\tcnative-1.dll: Can't load AMD 64-bit .dll on a IA 32-bit platform
	at java.lang.ClassLoader$NativeLibrary.load(Native Method)
	at java.lang.ClassLoader.loadLibrary0(ClassLoader.java:1941)
	at java.lang.ClassLoader.loadLibrary(ClassLoader.java:1857)
	at java.lang.Runtime.loadLibrary0(Runtime.java:870)
	at java.lang.System.loadLibrary(System.java:1122)
	at org.apache.tomcat.jni.Library.<init>(Library.java:42)
	at org.apache.tomcat.jni.Library.initialize(Library.java:178)
	at org.apache.catalina.core.AprLifecycleListener.init(AprLifecycleListener.java:200)
	at org.apache.catalina.core.AprLifecycleListener.isAprAvailable(AprLifecycleListener.java:108)
	at org.apache.catalina.connector.Connector.setProtocol(Connector.java:592)
	at org.apache.catalina.connector.Connector.<init>(Connector.java:66)
	at org.apache.catalina.startup.ConnectorCreateRule.begin(ConnectorCreateRule.java:62)
	at org.apache.tomcat.util.digester.Digester.startElement(Digester.java:1303)
	at com.sun.org.apache.xerces.internal.parsers.AbstractSAXParser.startElement(AbstractSAXParser.java:509)
	at com.sun.org.apache.xerces.internal.parsers.AbstractXMLDocumentParser.emptyElement(AbstractXMLDocumentParser.java:182)
	at com.sun.org.apache.xerces.internal.impl.XMLDocumentFragmentScannerImpl.scanStartElement(XMLDocumentFragmentScannerImpl.java:1339)
	at com.sun.org.apache.xerces.internal.impl.XMLDocumentFragmentScannerImpl$FragmentContentDriver.next(XMLDocumentFragmentScannerImpl.java:2784)
	at com.sun.org.apache.xerces.internal.impl.XMLDocumentScannerImpl.next(XMLDocumentScannerImpl.java:602)
	at com.sun.org.apache.xerces.internal.impl.XMLDocumentFragmentScannerImpl.scanDocument(XMLDocumentFragmentScannerImpl.java:505)
	at com.sun.org.apache.xerces.internal.parsers.XML11Configuration.parse(XML11Configuration.java:841)
	at com.sun.org.apache.xerces.internal.parsers.XML11Configuration.parse(XML11Configuration.java:770)
	at com.sun.org.apache.xerces.internal.parsers.XMLParser.parse(XMLParser.java:141)
	at com.sun.org.apache.xerces.internal.parsers.AbstractSAXParser.parse(AbstractSAXParser.java:1213)
	at com.sun.org.apache.xerces.internal.jaxp.SAXParserImpl$JAXPSAXParser.parse(SAXParserImpl.java:643)
	at org.apache.tomcat.util.digester.Digester.parse(Digester.java:1576)
	at org.apache.catalina.startup.Catalina.load(Catalina.java:617)
	at org.apache.catalina.startup.Catalina.load(Catalina.java:668)
	at sun.reflect.NativeMethodAccessorImpl.invoke0(Native Method)
	at sun.reflect.NativeMethodAccessorImpl.invoke(NativeMethodAccessorImpl.java:62)
	at sun.reflect.DelegatingMethodAccessorImpl.invoke(DelegatingMethodAccessorImpl.java:43)
	at java.lang.reflect.Method.invoke(Method.java:498)
	at org.apache.catalina.startup.Bootstrap.load(Bootstrap.java:253)
	at org.apache.catalina.startup.Bootstrap.main(Bootstrap.java:427)

十一月 14, 2017 6:13:53 下午 org.apache.catalina.startup.VersionLoggerListener log
信息: Server version:        Apache Tomcat/7.0.82
十一月 14, 2017 6:13:53 下午 org.apache.catalina.startup.VersionLoggerListener log
信息: Server built:          Sep 29 2017 12:23:15 UTC
十一月 14, 2017 6:13:53 下午 org.apache.catalina.startup.VersionLoggerListener log
信息: Server number:         7.0.82.0
十一月 14, 2017 6:13:53 下午 org.apache.catalina.startup.VersionLoggerListener log
信息: OS Name:               Windows 7
十一月 14, 2017 6:13:53 下午 org.apache.catalina.startup.VersionLoggerListener log
信息: OS Version:            6.1
十一月 14, 2017 6:13:53 下午 org.apache.catalina.startup.VersionLoggerListener log
信息: Architecture:          x86
十一月 14, 2017 6:13:53 下午 org.apache.catalina.startup.VersionLoggerListener log
信息: Java Home:             C:\Program Files (x86)\Java\jdk1.8.0_144\jre
十一月 14, 2017 6:13:53 下午 org.apache.catalina.startup.VersionLoggerListener log
信息: JVM Version:           1.8.0_144-b01
十一月 14, 2017 6:13:53 下午 org.apache.catalina.startup.VersionLoggerListener log
信息: JVM Vendor:            Oracle Corporation
十一月 14, 2017 6:13:53 下午 org.apache.catalina.startup.VersionLoggerListener log
信息: CATALINA_BASE:         E:\apache-tomcat-7.0.82
十一月 14, 2017 6:13:53 下午 org.apache.catalina.startup.VersionLoggerListener log
信息: CATALINA_HOME:         E:\apache-tomcat-7.0.82
十一月 14, 2017 6:13:53 下午 org.apache.catalina.startup.VersionLoggerListener log
信息: Command line argument: -Djava.util.logging.config.file=E:\apache-tomcat-7.0.82\conf\logging.properties
十一月 14, 2017 6:13:53 下午 org.apache.catalina.startup.VersionLoggerListener log
信息: Command line argument: -Djava.util.logging.manager=org.apache.juli.ClassLoaderLogManager
十一月 14, 2017 6:13:53 下午 org.apache.catalina.startup.VersionLoggerListener log
信息: Command line argument: -Djdk.tls.ephemeralDHKeySize=2048
十一月 14, 2017 6:13:53 下午 org.apache.catalina.startup.VersionLoggerListener log
信息: Command line argument: -Djava.endorsed.dirs=E:\apache-tomcat-7.0.82\endorsed
十一月 14, 2017 6:13:53 下午 org.apache.catalina.startup.VersionLoggerListener log
信息: Command line argument: -Dcatalina.base=E:\apache-tomcat-7.0.82
十一月 14, 2017 6:13:53 下午 org.apache.catalina.startup.VersionLoggerListener log
信息: Command line argument: -Dcatalina.home=E:\apache-tomcat-7.0.82
十一月 14, 2017 6:13:53 下午 org.apache.catalina.startup.VersionLoggerListener log
信息: Command line argument: -Djava.io.tmpdir=E:\apache-tomcat-7.0.82\temp
十一月 14, 2017 6:13:53 下午 org.apache.coyote.AbstractProtocol init
信息: Initializing ProtocolHandler ["http-bio-8080"]
十一月 14, 2017 6:13:53 下午 org.apache.coyote.AbstractProtocol init
信息: Initializing ProtocolHandler ["ajp-bio-8009"]
十一月 14, 2017 6:13:53 下午 org.apache.catalina.startup.Catalina load
信息: Initialization processed in 353 ms
十一月 14, 2017 6:13:53 下午 org.apache.catalina.core.StandardService startInternal
信息: Starting service Catalina
十一月 14, 2017 6:13:53 下午 org.apache.catalina.core.StandardEngine startInternal
信息: Starting Servlet Engine: Apache Tomcat/7.0.82
十一月 14, 2017 6:13:53 下午 org.apache.catalina.startup.HostConfig deployDirectory
信息: Deploying web application directory E:\apache-tomcat-7.0.82\webapps\docs
十一月 14, 2017 6:13:53 下午 org.apache.catalina.startup.HostConfig deployDirectory
信息: Deployment of web application directory E:\apache-tomcat-7.0.82\webapps\docs has finished in 245 ms
十一月 14, 2017 6:13:53 下午 org.apache.catalina.startup.HostConfig deployDirectory
信息: Deploying web application directory E:\apache-tomcat-7.0.82\webapps\examples
十一月 14, 2017 6:13:54 下午 org.apache.catalina.startup.HostConfig deployDirectory
信息: Deployment of web application directory E:\apache-tomcat-7.0.82\webapps\examples has finished in 152 ms
十一月 14, 2017 6:13:54 下午 org.apache.catalina.startup.HostConfig deployDirectory
信息: Deploying web application directory E:\apache-tomcat-7.0.82\webapps\host-manager
十一月 14, 2017 6:13:54 下午 org.apache.catalina.startup.HostConfig deployDirectory
信息: Deployment of web application directory E:\apache-tomcat-7.0.82\webapps\host-manager has finished in 83 ms
十一月 14, 2017 6:13:54 下午 org.apache.catalina.startup.HostConfig deployDirectory
信息: Deploying web application directory E:\apache-tomcat-7.0.82\webapps\manager
十一月 14, 2017 6:13:54 下午 org.apache.catalina.startup.HostConfig deployDirectory
信息: Deployment of web application directory E:\apache-tomcat-7.0.82\webapps\manager has finished in 41 ms
十一月 14, 2017 6:13:54 下午 org.apache.catalina.startup.HostConfig deployDirectory
信息: Deploying web application directory E:\apache-tomcat-7.0.82\webapps\ROOT
十一月 14, 2017 6:13:54 下午 org.apache.catalina.startup.HostConfig deployDirectory
信息: Deployment of web application directory E:\apache-tomcat-7.0.82\webapps\ROOT has finished in 30 ms
十一月 14, 2017 6:13:54 下午 org.apache.coyote.AbstractProtocol start
信息: Starting ProtocolHandler ["http-bio-8080"]
十一月 14, 2017 6:13:54 下午 org.apache.coyote.AbstractProtocol start
信息: Starting ProtocolHandler ["ajp-bio-8009"]
十一月 14, 2017 6:13:54 下午 org.apache.catalina.startup.Catalina start
信息: Server startup in 601 ms
十一月 14, 2017 6:25:41 下午 org.apache.catalina.core.AprLifecycleListener init
警告: The APR based Apache Tomcat Native library failed to load. The error reported was [E:\apache-tomcat-7.0.82\bin\tcnative-1.dll: Can't load AMD 64-bit .dll on a IA 32-bit platform]
java.lang.UnsatisfiedLinkError: E:\apache-tomcat-7.0.82\bin\tcnative-1.dll: Can't load AMD 64-bit .dll on a IA 32-bit platform
	at java.lang.ClassLoader$NativeLibrary.load(Native Method)
	at java.lang.ClassLoader.loadLibrary0(ClassLoader.java:1941)
	at java.lang.ClassLoader.loadLibrary(ClassLoader.java:1857)
	at java.lang.Runtime.loadLibrary0(Runtime.java:870)
	at java.lang.System.loadLibrary(System.java:1122)
	at org.apache.tomcat.jni.Library.<init>(Library.java:42)
	at org.apache.tomcat.jni.Library.initialize(Library.java:178)
	at org.apache.catalina.core.AprLifecycleListener.init(AprLifecycleListener.java:200)
	at org.apache.catalina.core.AprLifecycleListener.isAprAvailable(AprLifecycleListener.java:108)
	at org.apache.catalina.connector.Connector.setProtocol(Connector.java:592)
	at org.apache.catalina.connector.Connector.<init>(Connector.java:66)
	at org.apache.catalina.startup.ConnectorCreateRule.begin(ConnectorCreateRule.java:62)
	at org.apache.tomcat.util.digester.Digester.startElement(Digester.java:1303)
	at com.sun.org.apache.xerces.internal.parsers.AbstractSAXParser.startElement(AbstractSAXParser.java:509)
	at com.sun.org.apache.xerces.internal.parsers.AbstractXMLDocumentParser.emptyElement(AbstractXMLDocumentParser.java:182)
	at com.sun.org.apache.xerces.internal.impl.XMLDocumentFragmentScannerImpl.scanStartElement(XMLDocumentFragmentScannerImpl.java:1339)
	at com.sun.org.apache.xerces.internal.impl.XMLDocumentFragmentScannerImpl$FragmentContentDriver.next(XMLDocumentFragmentScannerImpl.java:2784)
	at com.sun.org.apache.xerces.internal.impl.XMLDocumentScannerImpl.next(XMLDocumentScannerImpl.java:602)
	at com.sun.org.apache.xerces.internal.impl.XMLDocumentFragmentScannerImpl.scanDocument(XMLDocumentFragmentScannerImpl.java:505)
	at com.sun.org.apache.xerces.internal.parsers.XML11Configuration.parse(XML11Configuration.java:841)
	at com.sun.org.apache.xerces.internal.parsers.XML11Configuration.parse(XML11Configuration.java:770)
	at com.sun.org.apache.xerces.internal.parsers.XMLParser.parse(XMLParser.java:141)
	at com.sun.org.apache.xerces.internal.parsers.AbstractSAXParser.parse(AbstractSAXParser.java:1213)
	at com.sun.org.apache.xerces.internal.jaxp.SAXParserImpl$JAXPSAXParser.parse(SAXParserImpl.java:643)
	at org.apache.tomcat.util.digester.Digester.parse(Digester.java:1576)
	at org.apache.catalina.startup.Catalina.load(Catalina.java:617)
	at org.apache.catalina.startup.Catalina.load(Catalina.java:668)
	at sun.reflect.NativeMethodAccessorImpl.invoke0(Native Method)
	at sun.reflect.NativeMethodAccessorImpl.invoke(NativeMethodAccessorImpl.java:62)
	at sun.reflect.DelegatingMethodAccessorImpl.invoke(DelegatingMethodAccessorImpl.java:43)
	at java.lang.reflect.Method.invoke(Method.java:498)
	at org.apache.catalina.startup.Bootstrap.load(Bootstrap.java:253)
	at org.apache.catalina.startup.Bootstrap.main(Bootstrap.java:427)

十一月 14, 2017 6:25:41 下午 org.apache.catalina.startup.VersionLoggerListener log
信息: Server version:        Apache Tomcat/7.0.82
十一月 14, 2017 6:25:41 下午 org.apache.catalina.startup.VersionLoggerListener log
信息: Server built:          Sep 29 2017 12:23:15 UTC
十一月 14, 2017 6:25:41 下午 org.apache.catalina.startup.VersionLoggerListener log
信息: Server number:         7.0.82.0
十一月 14, 2017 6:25:41 下午 org.apache.catalina.startup.VersionLoggerListener log
信息: OS Name:               Windows 7
十一月 14, 2017 6:25:41 下午 org.apache.catalina.startup.VersionLoggerListener log
信息: OS Version:            6.1
十一月 14, 2017 6:25:41 下午 org.apache.catalina.startup.VersionLoggerListener log
信息: Architecture:          x86
十一月 14, 2017 6:25:41 下午 org.apache.catalina.startup.VersionLoggerListener log
信息: Java Home:             C:\Program Files (x86)\Java\jdk1.8.0_144\jre
十一月 14, 2017 6:25:41 下午 org.apache.catalina.startup.VersionLoggerListener log
信息: JVM Version:           1.8.0_144-b01
十一月 14, 2017 6:25:41 下午 org.apache.catalina.startup.VersionLoggerListener log
信息: JVM Vendor:            Oracle Corporation
十一月 14, 2017 6:25:41 下午 org.apache.catalina.startup.VersionLoggerListener log
信息: CATALINA_BASE:         E:\apache-tomcat-7.0.82
十一月 14, 2017 6:25:41 下午 org.apache.catalina.startup.VersionLoggerListener log
信息: CATALINA_HOME:         E:\apache-tomcat-7.0.82
十一月 14, 2017 6:25:41 下午 org.apache.catalina.startup.VersionLoggerListener log
信息: Command line argument: -Djava.util.logging.config.file=E:\apache-tomcat-7.0.82\conf\logging.properties
十一月 14, 2017 6:25:41 下午 org.apache.catalina.startup.VersionLoggerListener log
信息: Command line argument: -Djava.util.logging.manager=org.apache.juli.ClassLoaderLogManager
十一月 14, 2017 6:25:41 下午 org.apache.catalina.startup.VersionLoggerListener log
信息: Command line argument: -Djdk.tls.ephemeralDHKeySize=2048
十一月 14, 2017 6:25:41 下午 org.apache.catalina.startup.VersionLoggerListener log
信息: Command line argument: -Djava.endorsed.dirs=E:\apache-tomcat-7.0.82\endorsed
十一月 14, 2017 6:25:41 下午 org.apache.catalina.startup.VersionLoggerListener log
信息: Command line argument: -Dcatalina.base=E:\apache-tomcat-7.0.82
十一月 14, 2017 6:25:41 下午 org.apache.catalina.startup.VersionLoggerListener log
信息: Command line argument: -Dcatalina.home=E:\apache-tomcat-7.0.82
十一月 14, 2017 6:25:41 下午 org.apache.catalina.startup.VersionLoggerListener log
信息: Command line argument: -Djava.io.tmpdir=E:\apache-tomcat-7.0.82\temp
十一月 14, 2017 6:25:41 下午 org.apache.coyote.AbstractProtocol init
信息: Initializing ProtocolHandler ["http-bio-8080"]
十一月 14, 2017 6:25:41 下午 org.apache.coyote.AbstractProtocol init
信息: Initializing ProtocolHandler ["ajp-bio-8009"]
十一月 14, 2017 6:25:41 下午 org.apache.catalina.startup.Catalina load
信息: Initialization processed in 397 ms
十一月 14, 2017 6:25:41 下午 org.apache.catalina.core.StandardService startInternal
信息: Starting service Catalina
十一月 14, 2017 6:25:41 下午 org.apache.catalina.core.StandardEngine startInternal
信息: Starting Servlet Engine: Apache Tomcat/7.0.82
十一月 14, 2017 6:25:41 下午 org.apache.catalina.startup.HostConfig deployDirectory
信息: Deploying web application directory E:\apache-tomcat-7.0.82\webapps\docs
十一月 14, 2017 6:25:41 下午 org.apache.catalina.startup.HostConfig deployDirectory
信息: Deployment of web application directory E:\apache-tomcat-7.0.82\webapps\docs has finished in 258 ms
十一月 14, 2017 6:25:41 下午 org.apache.catalina.startup.HostConfig deployDirectory
信息: Deploying web application directory E:\apache-tomcat-7.0.82\webapps\examples
十一月 14, 2017 6:25:41 下午 org.apache.catalina.startup.HostConfig deployDirectory
信息: Deployment of web application directory E:\apache-tomcat-7.0.82\webapps\examples has finished in 173 ms
十一月 14, 2017 6:25:41 下午 org.apache.catalina.startup.HostConfig deployDirectory
信息: Deploying web application directory E:\apache-tomcat-7.0.82\webapps\host-manager
十一月 14, 2017 6:25:41 下午 org.apache.catalina.startup.HostConfig deployDirectory
信息: Deployment of web application directory E:\apache-tomcat-7.0.82\webapps\host-manager has finished in 89 ms
十一月 14, 2017 6:25:41 下午 org.apache.catalina.startup.HostConfig deployDirectory
信息: Deploying web application directory E:\apache-tomcat-7.0.82\webapps\manager
十一月 14, 2017 6:25:41 下午 org.apache.catalina.startup.HostConfig deployDirectory
信息: Deployment of web application directory E:\apache-tomcat-7.0.82\webapps\manager has finished in 49 ms
十一月 14, 2017 6:25:41 下午 org.apache.catalina.startup.HostConfig deployDirectory
信息: Deploying web application directory E:\apache-tomcat-7.0.82\webapps\ROOT
十一月 14, 2017 6:25:41 下午 org.apache.catalina.startup.HostConfig deployDirectory
信息: Deployment of web application directory E:\apache-tomcat-7.0.82\webapps\ROOT has finished in 33 ms
十一月 14, 2017 6:25:41 下午 org.apache.coyote.AbstractProtocol start
信息: Starting ProtocolHandler ["http-bio-8080"]
十一月 14, 2017 6:25:41 下午 org.apache.coyote.AbstractProtocol start
信息: Starting ProtocolHandler ["ajp-bio-8009"]
十一月 14, 2017 6:25:41 下午 org.apache.catalina.startup.Catalina start
信息: Server startup in 659 ms
十一月 14, 2017 6:34:22 下午 org.apache.catalina.startup.HostConfig undeploy
信息: Undeploying context []
十一月 14, 2017 6:34:22 下午 org.apache.catalina.startup.HostConfig undeploy
警告: Error while removing context []
java.lang.NoClassDefFoundError: org/apache/catalina/Lifecycle$SingleUse
	at org.apache.catalina.util.LifecycleBase.stop(LifecycleBase.java:235)
	at org.apache.catalina.core.ContainerBase.removeChild(ContainerBase.java:1135)
	at org.apache.catalina.startup.HostConfig.undeploy(HostConfig.java:1598)
	at org.apache.catalina.startup.HostConfig.checkResources(HostConfig.java:1506)
	at org.apache.catalina.startup.HostConfig.check(HostConfig.java:1784)
	at org.apache.catalina.startup.HostConfig.lifecycleEvent(HostConfig.java:366)
	at org.apache.catalina.util.LifecycleSupport.fireLifecycleEvent(LifecycleSupport.java:117)
	at org.apache.catalina.util.LifecycleBase.fireLifecycleEvent(LifecycleBase.java:90)
	at org.apache.catalina.core.ContainerBase.backgroundProcess(ContainerBase.java:1500)
	at org.apache.catalina.core.ContainerBase$ContainerBackgroundProcessor.processChildren(ContainerBase.java:1671)
	at org.apache.catalina.core.ContainerBase$ContainerBackgroundProcessor.processChildren(ContainerBase.java:1681)
	at org.apache.catalina.core.ContainerBase$ContainerBackgroundProcessor.run(ContainerBase.java:1649)
	at java.lang.Thread.run(Thread.java:748)

十一月 14, 2017 6:34:22 下午 org.apache.catalina.startup.HostConfig undeploy
信息: Undeploying context [/examples]
十一月 14, 2017 6:34:22 下午 org.apache.catalina.startup.HostConfig undeploy
警告: Error while removing context [/examples]
java.lang.NoClassDefFoundError: org/apache/catalina/Lifecycle$SingleUse
	at org.apache.catalina.util.LifecycleBase.stop(LifecycleBase.java:235)
	at org.apache.catalina.core.ContainerBase.removeChild(ContainerBase.java:1135)
	at org.apache.catalina.startup.HostConfig.undeploy(HostConfig.java:1598)
	at org.apache.catalina.startup.HostConfig.checkResources(HostConfig.java:1506)
	at org.apache.catalina.startup.HostConfig.check(HostConfig.java:1784)
	at org.apache.catalina.startup.HostConfig.lifecycleEvent(HostConfig.java:366)
	at org.apache.catalina.util.LifecycleSupport.fireLifecycleEvent(LifecycleSupport.java:117)
	at org.apache.catalina.util.LifecycleBase.fireLifecycleEvent(LifecycleBase.java:90)
	at org.apache.catalina.core.ContainerBase.backgroundProcess(ContainerBase.java:1500)
	at org.apache.catalina.core.ContainerBase$ContainerBackgroundProcessor.processChildren(ContainerBase.java:1671)
	at org.apache.catalina.core.ContainerBase$ContainerBackgroundProcessor.processChildren(ContainerBase.java:1681)
	at org.apache.catalina.core.ContainerBase$ContainerBackgroundProcessor.run(ContainerBase.java:1649)
	at java.lang.Thread.run(Thread.java:748)

十一月 14, 2017 6:34:22 下午 org.apache.catalina.startup.HostConfig undeploy
信息: Undeploying context [/host-manager]
十一月 14, 2017 6:34:22 下午 org.apache.catalina.startup.HostConfig undeploy
警告: Error while removing context [/host-manager]
java.lang.NoClassDefFoundError: org/apache/catalina/Lifecycle$SingleUse
	at org.apache.catalina.util.LifecycleBase.stop(LifecycleBase.java:235)
	at org.apache.catalina.core.ContainerBase.removeChild(ContainerBase.java:1135)
	at org.apache.catalina.startup.HostConfig.undeploy(HostConfig.java:1598)
	at org.apache.catalina.startup.HostConfig.checkResources(HostConfig.java:1506)
	at org.apache.catalina.startup.HostConfig.check(HostConfig.java:1784)
	at org.apache.catalina.startup.HostConfig.lifecycleEvent(HostConfig.java:366)
	at org.apache.catalina.util.LifecycleSupport.fireLifecycleEvent(LifecycleSupport.java:117)
	at org.apache.catalina.util.LifecycleBase.fireLifecycleEvent(LifecycleBase.java:90)
	at org.apache.catalina.core.ContainerBase.backgroundProcess(ContainerBase.java:1500)
	at org.apache.catalina.core.ContainerBase$ContainerBackgroundProcessor.processChildren(ContainerBase.java:1671)
	at org.apache.catalina.core.ContainerBase$ContainerBackgroundProcessor.processChildren(ContainerBase.java:1681)
	at org.apache.catalina.core.ContainerBase$ContainerBackgroundProcessor.run(ContainerBase.java:1649)
	at java.lang.Thread.run(Thread.java:748)

十一月 14, 2017 6:34:22 下午 org.apache.catalina.core.ContainerBase$ContainerBackgroundProcessor processChildren
严重: Exception invoking periodic operation: 
java.lang.NoClassDefFoundError: org/apache/catalina/startup/ExpandWar
	at org.apache.catalina.startup.HostConfig.deleteRedeployResources(HostConfig.java:1624)
	at org.apache.catalina.startup.HostConfig.checkResources(HostConfig.java:1507)
	at org.apache.catalina.startup.HostConfig.check(HostConfig.java:1784)
	at org.apache.catalina.startup.HostConfig.lifecycleEvent(HostConfig.java:366)
	at org.apache.catalina.util.LifecycleSupport.fireLifecycleEvent(LifecycleSupport.java:117)
	at org.apache.catalina.util.LifecycleBase.fireLifecycleEvent(LifecycleBase.java:90)
	at org.apache.catalina.core.ContainerBase.backgroundProcess(ContainerBase.java:1500)
	at org.apache.catalina.core.ContainerBase$ContainerBackgroundProcessor.processChildren(ContainerBase.java:1671)
	at org.apache.catalina.core.ContainerBase$ContainerBackgroundProcessor.processChildren(ContainerBase.java:1681)
	at org.apache.catalina.core.ContainerBase$ContainerBackgroundProcessor.run(ContainerBase.java:1649)
	at java.lang.Thread.run(Thread.java:748)
Caused by: java.lang.ClassNotFoundException: org.apache.catalina.startup.ExpandWar
	at java.net.URLClassLoader.findClass(URLClassLoader.java:381)
	at java.lang.ClassLoader.loadClass(ClassLoader.java:424)
	at java.lang.ClassLoader.loadClass(ClassLoader.java:357)
	... 11 more

十一月 14, 2017 6:34:32 下午 org.apache.catalina.startup.HostConfig undeploy
信息: Undeploying context [/manager]
十一月 14, 2017 6:34:32 下午 org.apache.catalina.startup.HostConfig undeploy
警告: Error while removing context [/manager]
java.lang.NoClassDefFoundError: org/apache/catalina/Lifecycle$SingleUse
	at org.apache.catalina.util.LifecycleBase.stop(LifecycleBase.java:235)
	at org.apache.catalina.core.ContainerBase.removeChild(ContainerBase.java:1135)
	at org.apache.catalina.startup.HostConfig.undeploy(HostConfig.java:1598)
	at org.apache.catalina.startup.HostConfig.checkResources(HostConfig.java:1506)
	at org.apache.catalina.startup.HostConfig.check(HostConfig.java:1784)
	at org.apache.catalina.startup.HostConfig.lifecycleEvent(HostConfig.java:366)
	at org.apache.catalina.util.LifecycleSupport.fireLifecycleEvent(LifecycleSupport.java:117)
	at org.apache.catalina.util.LifecycleBase.fireLifecycleEvent(LifecycleBase.java:90)
	at org.apache.catalina.core.ContainerBase.backgroundProcess(ContainerBase.java:1500)
	at org.apache.catalina.core.ContainerBase$ContainerBackgroundProcessor.processChildren(ContainerBase.java:1671)
	at org.apache.catalina.core.ContainerBase$ContainerBackgroundProcessor.processChildren(ContainerBase.java:1681)
	at org.apache.catalina.core.ContainerBase$ContainerBackgroundProcessor.run(ContainerBase.java:1649)
	at java.lang.Thread.run(Thread.java:748)

十一月 14, 2017 6:34:32 下午 org.apache.catalina.core.ContainerBase$ContainerBackgroundProcessor processChildren
严重: Exception invoking periodic operation: 
java.lang.NoClassDefFoundError: org/apache/catalina/startup/ExpandWar
	at org.apache.catalina.startup.HostConfig.deleteRedeployResources(HostConfig.java:1624)
	at org.apache.catalina.startup.HostConfig.checkResources(HostConfig.java:1507)
	at org.apache.catalina.startup.HostConfig.check(HostConfig.java:1784)
	at org.apache.catalina.startup.HostConfig.lifecycleEvent(HostConfig.java:366)
	at org.apache.catalina.util.LifecycleSupport.fireLifecycleEvent(LifecycleSupport.java:117)
	at org.apache.catalina.util.LifecycleBase.fireLifecycleEvent(LifecycleBase.java:90)
	at org.apache.catalina.core.ContainerBase.backgroundProcess(ContainerBase.java:1500)
	at org.apache.catalina.core.ContainerBase$ContainerBackgroundProcessor.processChildren(ContainerBase.java:1671)
	at org.apache.catalina.core.ContainerBase$ContainerBackgroundProcessor.processChildren(ContainerBase.java:1681)
	at org.apache.catalina.core.ContainerBase$ContainerBackgroundProcessor.run(ContainerBase.java:1649)
	at java.lang.Thread.run(Thread.java:748)

十一月 14, 2017 6:34:42 下午 org.apache.catalina.startup.HostConfig undeploy
信息: Undeploying context [/docs]
十一月 14, 2017 6:34:42 下午 org.apache.catalina.startup.HostConfig undeploy
警告: Error while removing context [/docs]
java.lang.NoClassDefFoundError: org/apache/catalina/Lifecycle$SingleUse
	at org.apache.catalina.util.LifecycleBase.stop(LifecycleBase.java:235)
	at org.apache.catalina.core.ContainerBase.removeChild(ContainerBase.java:1135)
	at org.apache.catalina.startup.HostConfig.undeploy(HostConfig.java:1598)
	at org.apache.catalina.startup.HostConfig.checkResources(HostConfig.java:1506)
	at org.apache.catalina.startup.HostConfig.check(HostConfig.java:1784)
	at org.apache.catalina.startup.HostConfig.lifecycleEvent(HostConfig.java:366)
	at org.apache.catalina.util.LifecycleSupport.fireLifecycleEvent(LifecycleSupport.java:117)
	at org.apache.catalina.util.LifecycleBase.fireLifecycleEvent(LifecycleBase.java:90)
	at org.apache.catalina.core.ContainerBase.backgroundProcess(ContainerBase.java:1500)
	at org.apache.catalina.core.ContainerBase$ContainerBackgroundProcessor.processChildren(ContainerBase.java:1671)
	at org.apache.catalina.core.ContainerBase$ContainerBackgroundProcessor.processChildren(ContainerBase.java:1681)
	at org.apache.catalina.core.ContainerBase$ContainerBackgroundProcessor.run(ContainerBase.java:1649)
	at java.lang.Thread.run(Thread.java:748)

十一月 14, 2017 6:35:08 下午 org.apache.coyote.AbstractProtocol pause
信息: Pausing ProtocolHandler ["http-bio-8080"]
十一月 14, 2017 6:35:08 下午 org.apache.coyote.AbstractProtocol pause
信息: Pausing ProtocolHandler ["ajp-bio-8009"]
十一月 14, 2017 6:35:09 下午 org.apache.catalina.core.StandardService stopInternal
信息: Stopping service Catalina
十一月 14, 2017 6:35:09 下午 org.apache.catalina.startup.Catalina$CatalinaShutdownHook run
严重: The shutdown hook experienced an error while trying to stop the server
java.lang.NoClassDefFoundError: org/apache/catalina/Lifecycle$SingleUse
	at org.apache.catalina.util.LifecycleBase.stop(LifecycleBase.java:235)
	at org.apache.catalina.startup.Catalina.stop(Catalina.java:767)
	at org.apache.catalina.startup.Catalina$CatalinaShutdownHook.run(Catalina.java:913)

十一月 14, 2017 6:35:33 下午 org.apache.catalina.core.AprLifecycleListener init
信息: Loaded APR based Apache Tomcat Native library 1.1.29 using APR version 1.4.8.
十一月 14, 2017 6:35:33 下午 org.apache.catalina.core.AprLifecycleListener init
信息: APR capabilities: IPv6 [true], sendfile [true], accept filters [false], random [true].
十一月 14, 2017 6:35:34 下午 org.apache.catalina.core.AprLifecycleListener initializeSSL
信息: OpenSSL successfully initialized (OpenSSL 1.0.1e 11 Feb 2013)
十一月 14, 2017 6:35:34 下午 org.apache.coyote.AbstractProtocol init
信息: Initializing ProtocolHandler ["http-apr-8080"]
十一月 14, 2017 6:35:34 下午 org.apache.coyote.AbstractProtocol init
信息: Initializing ProtocolHandler ["ajp-apr-8009"]
十一月 14, 2017 6:35:34 下午 org.apache.catalina.startup.Catalina load
信息: Initialization processed in 698 ms
十一月 14, 2017 6:35:34 下午 org.apache.catalina.core.StandardService startInternal
信息: Starting service Catalina
十一月 14, 2017 6:35:34 下午 org.apache.catalina.core.StandardEngine startInternal
信息: Starting Servlet Engine: Apache Tomcat/7.0.47
十一月 14, 2017 6:35:34 下午 org.apache.catalina.startup.HostConfig deployDirectory
信息: Deploying web application directory E:\apache-tomcat-7.0.82\webapps\docs
十一月 14, 2017 6:35:34 下午 org.apache.catalina.startup.HostConfig deployDirectory
信息: Deploying web application directory E:\apache-tomcat-7.0.82\webapps\examples
十一月 14, 2017 6:35:34 下午 org.apache.catalina.startup.TaglibUriRule body
信息: TLD skipped. URI: http://java.sun.com/jstl/core_rt is already defined
十一月 14, 2017 6:35:34 下午 org.apache.catalina.startup.TaglibUriRule body
信息: TLD skipped. URI: http://java.sun.com/jsp/jstl/core is already defined
十一月 14, 2017 6:35:34 下午 org.apache.catalina.startup.TaglibUriRule body
信息: TLD skipped. URI: http://java.sun.com/jstl/fmt_rt is already defined
十一月 14, 2017 6:35:34 下午 org.apache.catalina.startup.TaglibUriRule body
信息: TLD skipped. URI: http://java.sun.com/jsp/jstl/fmt is already defined
十一月 14, 2017 6:35:34 下午 org.apache.catalina.startup.TaglibUriRule body
信息: TLD skipped. URI: http://java.sun.com/jsp/jstl/functions is already defined
十一月 14, 2017 6:35:34 下午 org.apache.catalina.startup.TaglibUriRule body
信息: TLD skipped. URI: http://jakarta.apache.org/taglibs/standard/permittedTaglibs is already defined
十一月 14, 2017 6:35:34 下午 org.apache.catalina.startup.TaglibUriRule body
信息: TLD skipped. URI: http://jakarta.apache.org/taglibs/standard/scriptfree is already defined
十一月 14, 2017 6:35:34 下午 org.apache.catalina.startup.TaglibUriRule body
信息: TLD skipped. URI: http://java.sun.com/jstl/sql_rt is already defined
十一月 14, 2017 6:35:34 下午 org.apache.catalina.startup.TaglibUriRule body
信息: TLD skipped. URI: http://java.sun.com/jsp/jstl/sql is already defined
十一月 14, 2017 6:35:34 下午 org.apache.catalina.startup.TaglibUriRule body
信息: TLD skipped. URI: http://java.sun.com/jstl/xml_rt is already defined
十一月 14, 2017 6:35:34 下午 org.apache.catalina.startup.TaglibUriRule body
信息: TLD skipped. URI: http://java.sun.com/jsp/jstl/xml is already defined
十一月 14, 2017 6:35:34 下午 org.apache.catalina.startup.HostConfig deployDirectory
信息: Deploying web application directory E:\apache-tomcat-7.0.82\webapps\host-manager
十一月 14, 2017 6:35:34 下午 org.apache.catalina.startup.HostConfig deployDirectory
信息: Deploying web application directory E:\apache-tomcat-7.0.82\webapps\manager
十一月 14, 2017 6:35:34 下午 org.apache.catalina.startup.HostConfig deployDirectory
信息: Deploying web application directory E:\apache-tomcat-7.0.82\webapps\ROOT
十一月 14, 2017 6:35:34 下午 org.apache.coyote.AbstractProtocol start
信息: Starting ProtocolHandler ["http-apr-8080"]
十一月 14, 2017 6:35:35 下午 org.apache.coyote.AbstractProtocol start
信息: Starting ProtocolHandler ["ajp-apr-8009"]
十一月 14, 2017 6:35:35 下午 org.apache.catalina.startup.Catalina start
信息: Server startup in 662 ms
