十一月 14, 2017 5:34:41 下午 org.apache.catalina.core.ApplicationContext log
信息: ContextListener: contextInitialized()
十一月 14, 2017 5:34:41 下午 org.apache.catalina.core.ApplicationContext log
信息: SessionListener: contextInitialized()
十一月 14, 2017 5:34:41 下午 org.apache.catalina.core.ApplicationContext log
信息: ContextListener: attributeAdded('org.apache.jasper.compiler.TldLocationsCache', 'org.apache.jasper.compiler.TldLocationsCache@1cce66f')
十一月 14, 2017 5:39:05 下午 org.apache.catalina.core.ApplicationContext log
信息: SessionListener: contextDestroyed()
十一月 14, 2017 5:39:05 下午 org.apache.catalina.core.ApplicationContext log
信息: ContextListener: contextDestroyed()
十一月 14, 2017 5:39:56 下午 org.apache.catalina.core.ApplicationContext log
信息: ContextListener: contextInitialized()
十一月 14, 2017 5:39:56 下午 org.apache.catalina.core.ApplicationContext log
信息: SessionListener: contextInitialized()
十一月 14, 2017 5:39:56 下午 org.apache.catalina.core.ApplicationContext log
信息: ContextListener: attributeAdded('org.apache.jasper.compiler.TldLocationsCache', 'org.apache.jasper.compiler.TldLocationsCache@1074503')
十一月 14, 2017 6:13:54 下午 org.apache.catalina.core.ApplicationContext log
信息: ContextListener: contextInitialized()
十一月 14, 2017 6:13:54 下午 org.apache.catalina.core.ApplicationContext log
信息: SessionListener: contextInitialized()
十一月 14, 2017 6:13:54 下午 org.apache.catalina.core.ApplicationContext log
信息: ContextListener: attributeAdded('org.apache.jasper.compiler.TldLocationsCache', 'org.apache.jasper.compiler.TldLocationsCache@1cce66f')
十一月 14, 2017 6:25:41 下午 org.apache.catalina.core.ApplicationContext log
信息: ContextListener: contextInitialized()
十一月 14, 2017 6:25:41 下午 org.apache.catalina.core.ApplicationContext log
信息: SessionListener: contextInitialized()
十一月 14, 2017 6:25:41 下午 org.apache.catalina.core.ApplicationContext log
信息: ContextListener: attributeAdded('org.apache.jasper.compiler.TldLocationsCache', 'org.apache.jasper.compiler.TldLocationsCache@1cce66f')
十一月 14, 2017 6:35:34 下午 org.apache.catalina.core.ApplicationContext log
信息: ContextListener: contextInitialized()
十一月 14, 2017 6:35:34 下午 org.apache.catalina.core.ApplicationContext log
信息: SessionListener: contextInitialized()
十一月 14, 2017 6:35:34 下午 org.apache.catalina.core.ApplicationContext log
信息: ContextListener: attributeAdded('org.apache.jasper.compiler.TldLocationsCache', 'org.apache.jasper.compiler.TldLocationsCache@18b49f6')
